wandb: Loaded settings from
wandb:   /lustre09/project/6003252/htruchla/physicsnemo/examples/cfd/external_aerodynamics/xaeronet/surface_rorqual/wandb/settings
wandb: Tracking run with wandb version 0.24.0
wandb: W&B syncing is set to `offline` in this directory. Run `wandb online` or set WANDB_MODE=online to enable cloud syncing.
wandb: Run data is saved locally in /lustre10/scratch/htruchla/XAERONET/outputs/full_runs/XAeroNetS_2026_03_11/wandb/wandb/offline-run-20260312_095945-6bmmr1i0
[rank2]:[E312 10:10:06.467973883 ProcessGroupGloo.cpp:143] Rank 2 successfully reached monitoredBarrier, but received errors while waiting for send/recv from rank 0. Please check rank 0 logs for faulty rank.
[rank4]:[E312 10:10:06.654651814 ProcessGroupGloo.cpp:143] Rank 4 successfully reached monitoredBarrier, but received errors while waiting for send/recv from rank 0. Please check rank 0 logs for faulty rank.
Error executing job with overrides: []
[rank5]:[E312 10:10:06.660365723 ProcessGroupGloo.cpp:143] Rank 5 successfully reached monitoredBarrier, but received errors while waiting for send/recv from rank 0. Please check rank 0 logs for faulty rank.
Error executing job with overrides: []
Error executing job with overrides: []
Traceback (most recent call last):
  File "/lustre09/project/6003252/htruchla/physicsnemo/examples/cfd/external_aerodynamics/xaeronet/surface_rorqual/train_rorqual.py", line 236, in main
    scaler.scale(loss).backward()
  File "/home/htruchla/envs/xaeronet/lib/python3.10/site-packages/torch/_tensor.py", line 581, in backward
    torch.autograd.backward(
  File "/home/htruchla/envs/xaeronet/lib/python3.10/site-packages/torch/autograd/__init__.py", line 347, in backward
    _engine_run_backward(
  File "/home/htruchla/envs/xaeronet/lib/python3.10/site-packages/torch/autograd/graph.py", line 825, in _engine_run_backward
    return Variable._execution_engine.run_backward(  # Calls into the C++ engine to run the backward pass
RuntimeError: Rank 2 successfully reached monitoredBarrier, but received errors while waiting for send/recv from rank 0. Please check rank 0 logs for faulty rank.
 Original exception: 
[/shared_tmp/build_wheels_tmp.337748/python-3.10/torch/third_party/gloo/gloo/transport/tcp/unbound_buffer.cc:81] Timed out waiting 600000ms for recv operation to complete

Set the environment variable HYDRA_FULL_ERROR=1 for a complete stack trace.
Traceback (most recent call last):
  File "/lustre09/project/6003252/htruchla/physicsnemo/examples/cfd/external_aerodynamics/xaeronet/surface_rorqual/train_rorqual.py", line 236, in main
    scaler.scale(loss).backward()
Traceback (most recent call last):
  File "/home/htruchla/envs/xaeronet/lib/python3.10/site-packages/torch/_tensor.py", line 581, in backward
    torch.autograd.backward(
  File "/home/htruchla/envs/xaeronet/lib/python3.10/site-packages/torch/autograd/__init__.py", line 347, in backward
    _engine_run_backward(
  File "/home/htruchla/envs/xaeronet/lib/python3.10/site-packages/torch/autograd/graph.py", line 825, in _engine_run_backward
    return Variable._execution_engine.run_backward(  # Calls into the C++ engine to run the backward pass
  File "/lustre09/project/6003252/htruchla/physicsnemo/examples/cfd/external_aerodynamics/xaeronet/surface_rorqual/train_rorqual.py", line 236, in main
    scaler.scale(loss).backward()
RuntimeError: Rank 4 successfully reached monitoredBarrier, but received errors while waiting for send/recv from rank 0. Please check rank 0 logs for faulty rank.
 Original exception: 
[/shared_tmp/build_wheels_tmp.337748/python-3.10/torch/third_party/gloo/gloo/transport/tcp/unbound_buffer.cc:81] Timed out waiting 600000ms for recv operation to complete
  File "/home/htruchla/envs/xaeronet/lib/python3.10/site-packages/torch/_tensor.py", line 581, in backward
    torch.autograd.backward(
  File "/home/htruchla/envs/xaeronet/lib/python3.10/site-packages/torch/autograd/__init__.py", line 347, in backward
    _engine_run_backward(
  File "/home/htruchla/envs/xaeronet/lib/python3.10/site-packages/torch/autograd/graph.py", line 825, in _engine_run_backward
    return Variable._execution_engine.run_backward(  # Calls into the C++ engine to run the backward pass
RuntimeError: Rank 5 successfully reached monitoredBarrier, but received errors while waiting for send/recv from rank 0. Please check rank 0 logs for faulty rank.
 Original exception: 
[/shared_tmp/build_wheels_tmp.337748/python-3.10/torch/third_party/gloo/gloo/transport/tcp/unbound_buffer.cc:81] Timed out waiting 600000ms for recv operation to complete

Set the environment variable HYDRA_FULL_ERROR=1 for a complete stack trace.

Set the environment variable HYDRA_FULL_ERROR=1 for a complete stack trace.
Exception ignored in atexit callback: <staticmethod(<function DistributedManager.cleanup at 0x15528084e560>)>
Traceback (most recent call last):
  File "/lustre09/project/6003252/htruchla/physicsnemo/physicsnemo/distributed/manager.py", line 813, in cleanup
Exception ignored in atexit callback: <staticmethod(<function DistributedManager.cleanup at 0x1543ec646560>)>
Traceback (most recent call last):
  File "/lustre09/project/6003252/htruchla/physicsnemo/physicsnemo/distributed/manager.py", line 813, in cleanup
Exception ignored in atexit callback: <staticmethod(<function DistributedManager.cleanup at 0x1538d4a52560>)>
Traceback (most recent call last):
  File "/lustre09/project/6003252/htruchla/physicsnemo/physicsnemo/distributed/manager.py", line 813, in cleanup
[rank6]:[E312 10:10:06.670329523 ProcessGroupGloo.cpp:143] Rank 6 successfully reached monitoredBarrier, but received errors while waiting for send/recv from rank 0. Please check rank 0 logs for faulty rank.
[rank7]:[E312 10:10:06.670344923 ProcessGroupGloo.cpp:143] Rank 7 successfully reached monitoredBarrier, but received errors while waiting for send/recv from rank 0. Please check rank 0 logs for faulty rank.
Error executing job with overrides: []
Error executing job with overrides: []
Traceback (most recent call last):
  File "/lustre09/project/6003252/htruchla/physicsnemo/examples/cfd/external_aerodynamics/xaeronet/surface_rorqual/train_rorqual.py", line 236, in main
    scaler.scale(loss).backward()
  File "/home/htruchla/envs/xaeronet/lib/python3.10/site-packages/torch/_tensor.py", line 581, in backward
    torch.autograd.backward(
Traceback (most recent call last):
  File "/home/htruchla/envs/xaeronet/lib/python3.10/site-packages/torch/autograd/__init__.py", line 347, in backward
    _engine_run_backward(
  File "/home/htruchla/envs/xaeronet/lib/python3.10/site-packages/torch/autograd/graph.py", line 825, in _engine_run_backward
    return Variable._execution_engine.run_backward(  # Calls into the C++ engine to run the backward pass
RuntimeError: Rank 6 successfully reached monitoredBarrier, but received errors while waiting for send/recv from rank 0. Please check rank 0 logs for faulty rank.
 Original exception: 
[/shared_tmp/build_wheels_tmp.337748/python-3.10/torch/third_party/gloo/gloo/transport/tcp/unbound_buffer.cc:81] Timed out waiting 600000ms for recv operation to complete
  File "/lustre09/project/6003252/htruchla/physicsnemo/examples/cfd/external_aerodynamics/xaeronet/surface_rorqual/train_rorqual.py", line 236, in main
    scaler.scale(loss).backward()
  File "/home/htruchla/envs/xaeronet/lib/python3.10/site-packages/torch/_tensor.py", line 581, in backward
    torch.autograd.backward(
  File "/home/htruchla/envs/xaeronet/lib/python3.10/site-packages/torch/autograd/__init__.py", line 347, in backward
    _engine_run_backward(
  File "/home/htruchla/envs/xaeronet/lib/python3.10/site-packages/torch/autograd/graph.py", line 825, in _engine_run_backward
    return Variable._execution_engine.run_backward(  # Calls into the C++ engine to run the backward pass

Set the environment variable HYDRA_FULL_ERROR=1 for a complete stack trace.
RuntimeError: Rank 7 successfully reached monitoredBarrier, but received errors while waiting for send/recv from rank 0. Please check rank 0 logs for faulty rank.
 Original exception: 
[/shared_tmp/build_wheels_tmp.337748/python-3.10/torch/third_party/gloo/gloo/transport/tcp/unbound_buffer.cc:81] Timed out waiting 600000ms for recv operation to complete

Set the environment variable HYDRA_FULL_ERROR=1 for a complete stack trace.
Exception ignored in atexit callback: <staticmethod(<function DistributedManager.cleanup at 0x15040421a560>)>
Traceback (most recent call last):
  File "/lustre09/project/6003252/htruchla/physicsnemo/physicsnemo/distributed/manager.py", line 813, in cleanup
Exception ignored in atexit callback: <staticmethod(<function DistributedManager.cleanup at 0x150c305ee560>)>
Traceback (most recent call last):
  File "/lustre09/project/6003252/htruchla/physicsnemo/physicsnemo/distributed/manager.py", line 813, in cleanup
    dist.barrier(device_ids=[DistributedManager().local_rank])
    dist.barrier(device_ids=[DistributedManager().local_rank])
    dist.barrier(device_ids=[DistributedManager().local_rank])
  File "/home/htruchla/envs/xaeronet/lib/python3.10/site-packages/torch/distributed/c10d_logger.py", line 83, in wrapper
    dist.barrier(device_ids=[DistributedManager().local_rank])
  File "/home/htruchla/envs/xaeronet/lib/python3.10/site-packages/torch/distributed/c10d_logger.py", line 83, in wrapper
  File "/home/htruchla/envs/xaeronet/lib/python3.10/site-packages/torch/distributed/c10d_logger.py", line 83, in wrapper
  File "/home/htruchla/envs/xaeronet/lib/python3.10/site-packages/torch/distributed/c10d_logger.py", line 83, in wrapper
    dist.barrier(device_ids=[DistributedManager().local_rank])
  File "/home/htruchla/envs/xaeronet/lib/python3.10/site-packages/torch/distributed/c10d_logger.py", line 83, in wrapper
    return func(*args, **kwargs)
  File "/home/htruchla/envs/xaeronet/lib/python3.10/site-packages/torch/distributed/distributed_c10d.py", line 4159, in barrier
    return func(*args, **kwargs)
    return func(*args, **kwargs)
    return func(*args, **kwargs)
  File "/home/htruchla/envs/xaeronet/lib/python3.10/site-packages/torch/distributed/distributed_c10d.py", line 4159, in barrier
  File "/home/htruchla/envs/xaeronet/lib/python3.10/site-packages/torch/distributed/distributed_c10d.py", line 4159, in barrier
  File "/home/htruchla/envs/xaeronet/lib/python3.10/site-packages/torch/distributed/distributed_c10d.py", line 4159, in barrier
    return func(*args, **kwargs)
  File "/home/htruchla/envs/xaeronet/lib/python3.10/site-packages/torch/distributed/distributed_c10d.py", line 4159, in barrier
    work = group.barrier(opts=opts)
    work = group.barrier(opts=opts)
    work = group.barrier(opts=opts)
    work = group.barrier(opts=opts)
RuntimeError: ProcessGroupWrapper: Monitored Barrier encountered error running collective: CollectiveFingerPrint(SequenceNumber=3OpType=BARRIER). Error: 
Application timeout caused pair closure
RuntimeError: ProcessGroupWrapper: Monitored Barrier encountered error running collective: CollectiveFingerPrint(SequenceNumber=3OpType=BARRIER). Error: 
RuntimeError: ProcessGroupWrapper: Monitored Barrier encountered error running collective: CollectiveFingerPrint(SequenceNumber=3OpType=BARRIER). Error: 
RuntimeError: ProcessGroupWrapper: Monitored Barrier encountered error running collective: CollectiveFingerPrint(SequenceNumber=3OpType=BARRIER). Error: 
Application timeout caused pair closure
Application timeout caused pair closure
Application timeout caused pair closure
    work = group.barrier(opts=opts)
RuntimeError: ProcessGroupWrapper: Monitored Barrier encountered error running collective: CollectiveFingerPrint(SequenceNumber=3OpType=BARRIER). Error: 
Application timeout caused pair closure
[rank4]:[W312 10:10:07.535249088 ProcessGroupNCCL.cpp:1250] Warning: WARNING: process group has NOT been destroyed before we destruct ProcessGroupNCCL. On normal program exit, the application should call destroy_process_group to ensure that any pending NCCL operations have finished in this process. In rare cases this process can exit before this point and block the progress of another member of the process group. This constraint has always been present,  but this warning has only been added since PyTorch 2.4 (function operator())
[rank0]:[E312 10:10:08.155973551 ProcessGroupGloo.cpp:3011] [Rank 0]: Rank 3 failed to pass monitoredBarrier in 600000 ms
[rank0]:[E312 10:10:08.155993812 ProcessGroupGloo.cpp:143] [Rank 0]: Ranks 3 failed to pass monitoredBarrier in 600000 ms
[rank1]:[E312 10:10:08.156083779 ProcessGroupGloo.cpp:143] Rank 1 successfully reached monitoredBarrier, but received errors while waiting for send/recv from rank 0. Please check rank 0 logs for faulty rank.
Error executing job with overrides: []
Error executing job with overrides: []
Traceback (most recent call last):
  File "/lustre09/project/6003252/htruchla/physicsnemo/examples/cfd/external_aerodynamics/xaeronet/surface_rorqual/train_rorqual.py", line 236, in main
    scaler.scale(loss).backward()
  File "/home/htruchla/envs/xaeronet/lib/python3.10/site-packages/torch/_tensor.py", line 581, in backward
    torch.autograd.backward(
  File "/home/htruchla/envs/xaeronet/lib/python3.10/site-packages/torch/autograd/__init__.py", line 347, in backward
    _engine_run_backward(
  File "/home/htruchla/envs/xaeronet/lib/python3.10/site-packages/torch/autograd/graph.py", line 825, in _engine_run_backward
    return Variable._execution_engine.run_backward(  # Calls into the C++ engine to run the backward pass
RuntimeError: Rank 1 successfully reached monitoredBarrier, but received errors while waiting for send/recv from rank 0. Please check rank 0 logs for faulty rank.
 Original exception: 
[/shared_tmp/build_wheels_tmp.337748/python-3.10/torch/third_party/gloo/gloo/transport/tcp/unbound_buffer.cc:81] Timed out waiting 600000ms for recv operation to complete

Set the environment variable HYDRA_FULL_ERROR=1 for a complete stack trace.
Traceback (most recent call last):
  File "/lustre09/project/6003252/htruchla/physicsnemo/examples/cfd/external_aerodynamics/xaeronet/surface_rorqual/train_rorqual.py", line 236, in main
    scaler.scale(loss).backward()
  File "/home/htruchla/envs/xaeronet/lib/python3.10/site-packages/torch/_tensor.py", line 581, in backward
    torch.autograd.backward(
  File "/home/htruchla/envs/xaeronet/lib/python3.10/site-packages/torch/autograd/__init__.py", line 347, in backward
    _engine_run_backward(
  File "/home/htruchla/envs/xaeronet/lib/python3.10/site-packages/torch/autograd/graph.py", line 825, in _engine_run_backward
    return Variable._execution_engine.run_backward(  # Calls into the C++ engine to run the backward pass
Exception ignored in atexit callback: <staticmethod(<function DistributedManager.cleanup at 0x1471c4042560>)>
Traceback (most recent call last):
  File "/lustre09/project/6003252/htruchla/physicsnemo/physicsnemo/distributed/manager.py", line 813, in cleanup
RuntimeError: [Rank 0]: Ranks 3 failed to pass monitoredBarrier in 600000 ms

Set the environment variable HYDRA_FULL_ERROR=1 for a complete stack trace.
    dist.barrier(device_ids=[DistributedManager().local_rank])
  File "/home/htruchla/envs/xaeronet/lib/python3.10/site-packages/torch/distributed/c10d_logger.py", line 83, in wrapper
    return func(*args, **kwargs)
  File "/home/htruchla/envs/xaeronet/lib/python3.10/site-packages/torch/distributed/distributed_c10d.py", line 4159, in barrier
    work = group.barrier(opts=opts)
RuntimeError: ProcessGroupWrapper: Monitored Barrier encountered error running collective: CollectiveFingerPrint(SequenceNumber=3OpType=BARRIER). Error: 
Application timeout caused pair closure
Exception ignored in atexit callback: <staticmethod(<function DistributedManager.cleanup at 0x151494e5e560>)>
Traceback (most recent call last):
  File "/lustre09/project/6003252/htruchla/physicsnemo/physicsnemo/distributed/manager.py", line 813, in cleanup
    dist.barrier(device_ids=[DistributedManager().local_rank])
  File "/home/htruchla/envs/xaeronet/lib/python3.10/site-packages/torch/distributed/c10d_logger.py", line 83, in wrapper
    return func(*args, **kwargs)
  File "/home/htruchla/envs/xaeronet/lib/python3.10/site-packages/torch/distributed/distributed_c10d.py", line 4159, in barrier
    work = group.barrier(opts=opts)
RuntimeError: ProcessGroupWrapper: Monitored Barrier encountered error running collective: CollectiveFingerPrint(SequenceNumber=3OpType=BARRIER). Error: 
Application timeout caused pair closure
[rank0]:[W312 10:10:08.688855253 ProcessGroupNCCL.cpp:1250] Warning: WARNING: process group has NOT been destroyed before we destruct ProcessGroupNCCL. On normal program exit, the application should call destroy_process_group to ensure that any pending NCCL operations have finished in this process. In rare cases this process can exit before this point and block the progress of another member of the process group. This constraint has always been present,  but this warning has only been added since PyTorch 2.4 (function operator())
srun: error: rg32403: task 2: Exited with exit code 1
srun: error: rg32602: task 4: Exited with exit code 1
srun: error: rg32602: task 5: Exited with exit code 1
srun: error: rg32602: task 6: Exited with exit code 1
srun: error: rg32602: task 7: Exited with exit code 1
[rank3]:[W312 10:10:09.421975012 TCPStore.cpp:141] [c10d] recvValue failed on SocketImpl(fd=30, addr=[rg32403.rorqual.calcul.quebec]:35700, remote=[rg32403.rorqual.calcul.quebec]:29500): failed to recv, got 0 bytes
Exception raised from recvBytes at /shared_tmp/build_wheels_tmp.337748/python-3.10/torch/torch/csrc/distributed/c10d/Utils.hpp:670 (most recent call first):
frame #0: c10::Error::Error(c10::SourceLocation, std::__cxx11::basic_string<char, std::char_traits<char>, std::allocator<char> >) + 0x97 (0x152c0c1901a7 in /home/htruchla/envs/xaeronet/lib/python3.10/site-packages/torch/lib/libc10.so)
frame #1: <unknown function> + 0x54d4ba1 (0x152c3e8dcba1 in /home/htruchla/envs/xaeronet/lib/python3.10/site-packages/torch/lib/libtorch_cpu.so)
frame #2: <unknown function> + 0x54d5d9d (0x152c3e8ddd9d in /home/htruchla/envs/xaeronet/lib/python3.10/site-packages/torch/lib/libtorch_cpu.so)
frame #3: <unknown function> + 0x54d6ef8 (0x152c3e8deef8 in /home/htruchla/envs/xaeronet/lib/python3.10/site-packages/torch/lib/libtorch_cpu.so)
frame #4: c10d::TCPStore::check(std::vector<std::__cxx11::basic_string<char, std::char_traits<char>, std::allocator<char> >, std::allocator<std::__cxx11::basic_string<char, std::char_traits<char>, std::allocator<char> > > > const&) + 0x20d (0x152c3e8d933d in /home/htruchla/envs/xaeronet/lib/python3.10/site-packages/torch/lib/libtorch_cpu.so)
frame #5: c10d::ProcessGroupNCCL::heartbeatMonitor() + 0x37c (0x152c0d5d0f7c in /home/htruchla/envs/xaeronet/lib/python3.10/site-packages/torch/lib/libtorch_cuda.so)
frame #6: <unknown function> + 0xe07f0 (0x152c536e07f0 in /cvmfs/soft.computecanada.ca/gentoo/2023/x86-64-v3/usr/lib/gcc/x86_64-pc-linux-gnu/14/libstdc++.so.6)
frame #7: <unknown function> + 0x84a9d (0x152c586afa9d in /cvmfs/soft.computecanada.ca/gentoo/2023/x86-64-v3/usr/lib64/libc.so.6)
frame #8: <unknown function> + 0x10509c (0x152c5873009c in /cvmfs/soft.computecanada.ca/gentoo/2023/x86-64-v3/usr/lib64/libc.so.6)

[rank3]:[W312 10:10:09.431295782 ProcessGroupNCCL.cpp:1411] [PG ID 0 PG GUID 0 Rank 3] Failed to check the "should dump" flag on TCPStore, (maybe TCPStore server has shut down too early), with error: failed to recv, got 0 bytes
Exception raised from recvBytes at /shared_tmp/build_wheels_tmp.337748/python-3.10/torch/torch/csrc/distributed/c10d/Utils.hpp:670 (most recent call first):
frame #0: c10::Error::Error(c10::SourceLocation, std::__cxx11::basic_string<char, std::char_traits<char>, std::allocator<char> >) + 0x97 (0x152c0c1901a7 in /home/htruchla/envs/xaeronet/lib/python3.10/site-packages/torch/lib/libc10.so)
frame #1: <unknown function> + 0x54d4ba1 (0x152c3e8dcba1 in /home/htruchla/envs/xaeronet/lib/python3.10/site-packages/torch/lib/libtorch_cpu.so)
frame #2: <unknown function> + 0x54d5d9d (0x152c3e8ddd9d in /home/htruchla/envs/xaeronet/lib/python3.10/site-packages/torch/lib/libtorch_cpu.so)
frame #3: <unknown function> + 0x54d6ef8 (0x152c3e8deef8 in /home/htruchla/envs/xaeronet/lib/python3.10/site-packages/torch/lib/libtorch_cpu.so)
frame #4: c10d::TCPStore::check(std::vector<std::__cxx11::basic_string<char, std::char_traits<char>, std::allocator<char> >, std::allocator<std::__cxx11::basic_string<char, std::char_traits<char>, std::allocator<char> > > > const&) + 0x20d (0x152c3e8d933d in /home/htruchla/envs/xaeronet/lib/python3.10/site-packages/torch/lib/libtorch_cpu.so)
frame #5: c10d::ProcessGroupNCCL::heartbeatMonitor() + 0x37c (0x152c0d5d0f7c in /home/htruchla/envs/xaeronet/lib/python3.10/site-packages/torch/lib/libtorch_cuda.so)
frame #6: <unknown function> + 0xe07f0 (0x152c536e07f0 in /cvmfs/soft.computecanada.ca/gentoo/2023/x86-64-v3/usr/lib/gcc/x86_64-pc-linux-gnu/14/libstdc++.so.6)
frame #7: <unknown function> + 0x84a9d (0x152c586afa9d in /cvmfs/soft.computecanada.ca/gentoo/2023/x86-64-v3/usr/lib64/libc.so.6)
frame #8: <unknown function> + 0x10509c (0x152c5873009c in /cvmfs/soft.computecanada.ca/gentoo/2023/x86-64-v3/usr/lib64/libc.so.6)

srun: error: rg32403: task 1: Exited with exit code 1
srun: error: rg32403: task 0: Exited with exit code 1
