wandb: Loaded settings from
wandb:   /lustre09/project/6003252/htruchla/physicsnemo/examples/cfd/external_aerodynamics/xaeronet/surface_rorqual/wandb/settings
wandb: Tracking run with wandb version 0.24.0
wandb: W&B syncing is set to `offline` in this directory. Run `wandb online` or set WANDB_MODE=online to enable cloud syncing.
wandb: Run data is saved locally in /lustre10/scratch/htruchla/XAERONET/outputs/full_runs/XAeroNetS_2026_03_11/wandb/wandb/offline-run-20260311_200525-nacisdc4
[rank2]:[E311 20:30:55.061427217 ProcessGroupGloo.cpp:143] Rank 2 successfully reached monitoredBarrier, but received errors while waiting for send/recv from rank 0. Please check rank 0 logs for faulty rank.
Error executing job with overrides: []
Traceback (most recent call last):
  File "/lustre09/project/6003252/htruchla/physicsnemo/examples/cfd/external_aerodynamics/xaeronet/surface_rorqual/train_rorqual.py", line 236, in main
    scaler.scale(loss).backward()
  File "/home/htruchla/envs/xaeronet/lib/python3.10/site-packages/torch/_tensor.py", line 581, in backward
    torch.autograd.backward(
  File "/home/htruchla/envs/xaeronet/lib/python3.10/site-packages/torch/autograd/__init__.py", line 347, in backward
    _engine_run_backward(
  File "/home/htruchla/envs/xaeronet/lib/python3.10/site-packages/torch/autograd/graph.py", line 825, in _engine_run_backward
    return Variable._execution_engine.run_backward(  # Calls into the C++ engine to run the backward pass
RuntimeError: Rank 2 successfully reached monitoredBarrier, but received errors while waiting for send/recv from rank 0. Please check rank 0 logs for faulty rank.
 Original exception: 
[/shared_tmp/build_wheels_tmp.337748/python-3.10/torch/third_party/gloo/gloo/transport/tcp/unbound_buffer.cc:133] Timed out waiting 600000ms for send operation to complete

Set the environment variable HYDRA_FULL_ERROR=1 for a complete stack trace.
Exception ignored in atexit callback: <staticmethod(<function DistributedManager.cleanup at 0x153e7103e440>)>
Traceback (most recent call last):
  File "/lustre09/project/6003252/htruchla/physicsnemo/physicsnemo/distributed/manager.py", line 813, in cleanup
    dist.barrier(device_ids=[DistributedManager().local_rank])
  File "/home/htruchla/envs/xaeronet/lib/python3.10/site-packages/torch/distributed/c10d_logger.py", line 83, in wrapper
    return func(*args, **kwargs)
  File "/home/htruchla/envs/xaeronet/lib/python3.10/site-packages/torch/distributed/distributed_c10d.py", line 4159, in barrier
    work = group.barrier(opts=opts)
RuntimeError: ProcessGroupWrapper: Monitored Barrier encountered error running collective: CollectiveFingerPrint(SequenceNumber=257OpType=BARRIER). Error: 
Application timeout caused pair closure
[rank5]:[E311 20:30:55.080154910 ProcessGroupGloo.cpp:143] Rank 5 successfully reached monitoredBarrier, but received errors while waiting for send/recv from rank 0. Please check rank 0 logs for faulty rank.
Error executing job with overrides: []
[rank7]:[E311 20:30:55.086826987 ProcessGroupGloo.cpp:143] Rank 7 successfully reached monitoredBarrier, but received errors while waiting for send/recv from rank 0. Please check rank 0 logs for faulty rank.
Error executing job with overrides: []
Traceback (most recent call last):
  File "/lustre09/project/6003252/htruchla/physicsnemo/examples/cfd/external_aerodynamics/xaeronet/surface_rorqual/train_rorqual.py", line 236, in main
    scaler.scale(loss).backward()
  File "/home/htruchla/envs/xaeronet/lib/python3.10/site-packages/torch/_tensor.py", line 581, in backward
    torch.autograd.backward(
  File "/home/htruchla/envs/xaeronet/lib/python3.10/site-packages/torch/autograd/__init__.py", line 347, in backward
    _engine_run_backward(
  File "/home/htruchla/envs/xaeronet/lib/python3.10/site-packages/torch/autograd/graph.py", line 825, in _engine_run_backward
    return Variable._execution_engine.run_backward(  # Calls into the C++ engine to run the backward pass
RuntimeError: Rank 5 successfully reached monitoredBarrier, but received errors while waiting for send/recv from rank 0. Please check rank 0 logs for faulty rank.
 Original exception: 
[/shared_tmp/build_wheels_tmp.337748/python-3.10/torch/third_party/gloo/gloo/transport/tcp/unbound_buffer.cc:133] Timed out waiting 600000ms for send operation to complete

Set the environment variable HYDRA_FULL_ERROR=1 for a complete stack trace.
Traceback (most recent call last):
  File "/lustre09/project/6003252/htruchla/physicsnemo/examples/cfd/external_aerodynamics/xaeronet/surface_rorqual/train_rorqual.py", line 236, in main
    scaler.scale(loss).backward()
  File "/home/htruchla/envs/xaeronet/lib/python3.10/site-packages/torch/_tensor.py", line 581, in backward
    torch.autograd.backward(
  File "/home/htruchla/envs/xaeronet/lib/python3.10/site-packages/torch/autograd/__init__.py", line 347, in backward
    _engine_run_backward(
  File "/home/htruchla/envs/xaeronet/lib/python3.10/site-packages/torch/autograd/graph.py", line 825, in _engine_run_backward
    return Variable._execution_engine.run_backward(  # Calls into the C++ engine to run the backward pass
RuntimeError: Rank 7 successfully reached monitoredBarrier, but received errors while waiting for send/recv from rank 0. Please check rank 0 logs for faulty rank.
 Original exception: 
[/shared_tmp/build_wheels_tmp.337748/python-3.10/torch/third_party/gloo/gloo/transport/tcp/unbound_buffer.cc:133] Timed out waiting 600000ms for send operation to complete

Set the environment variable HYDRA_FULL_ERROR=1 for a complete stack trace.
Exception ignored in atexit callback: <staticmethod(<function DistributedManager.cleanup at 0x147de5042440>)>
Exception ignored in atexit callback: <staticmethod(<function DistributedManager.cleanup at 0x15102ca42440>)>
Traceback (most recent call last):
Traceback (most recent call last):
  File "/lustre09/project/6003252/htruchla/physicsnemo/physicsnemo/distributed/manager.py", line 813, in cleanup
  File "/lustre09/project/6003252/htruchla/physicsnemo/physicsnemo/distributed/manager.py", line 813, in cleanup
    dist.barrier(device_ids=[DistributedManager().local_rank])
  File "/home/htruchla/envs/xaeronet/lib/python3.10/site-packages/torch/distributed/c10d_logger.py", line 83, in wrapper
    dist.barrier(device_ids=[DistributedManager().local_rank])
  File "/home/htruchla/envs/xaeronet/lib/python3.10/site-packages/torch/distributed/c10d_logger.py", line 83, in wrapper
    return func(*args, **kwargs)
  File "/home/htruchla/envs/xaeronet/lib/python3.10/site-packages/torch/distributed/distributed_c10d.py", line 4159, in barrier
    return func(*args, **kwargs)
  File "/home/htruchla/envs/xaeronet/lib/python3.10/site-packages/torch/distributed/distributed_c10d.py", line 4159, in barrier
    work = group.barrier(opts=opts)
RuntimeError: ProcessGroupWrapper: Monitored Barrier encountered error running collective: CollectiveFingerPrint(SequenceNumber=257OpType=BARRIER). Error: 
Application timeout caused pair closure
    work = group.barrier(opts=opts)
RuntimeError: ProcessGroupWrapper: Monitored Barrier encountered error running collective: CollectiveFingerPrint(SequenceNumber=257OpType=BARRIER). Error: 
Application timeout caused pair closure
[rank3]:[E311 20:30:55.269496214 ProcessGroupGloo.cpp:143] Rank 3 successfully reached monitoredBarrier, but received errors while waiting for send/recv from rank 0. Please check rank 0 logs for faulty rank.
Error executing job with overrides: []
Traceback (most recent call last):
  File "/lustre09/project/6003252/htruchla/physicsnemo/examples/cfd/external_aerodynamics/xaeronet/surface_rorqual/train_rorqual.py", line 236, in main
    scaler.scale(loss).backward()
  File "/home/htruchla/envs/xaeronet/lib/python3.10/site-packages/torch/_tensor.py", line 581, in backward
    torch.autograd.backward(
  File "/home/htruchla/envs/xaeronet/lib/python3.10/site-packages/torch/autograd/__init__.py", line 347, in backward
    _engine_run_backward(
  File "/home/htruchla/envs/xaeronet/lib/python3.10/site-packages/torch/autograd/graph.py", line 825, in _engine_run_backward
    return Variable._execution_engine.run_backward(  # Calls into the C++ engine to run the backward pass
RuntimeError: Rank 3 successfully reached monitoredBarrier, but received errors while waiting for send/recv from rank 0. Please check rank 0 logs for faulty rank.
 Original exception: 
[/shared_tmp/build_wheels_tmp.337748/python-3.10/torch/third_party/gloo/gloo/transport/tcp/unbound_buffer.cc:133] Timed out waiting 600000ms for send operation to complete

Set the environment variable HYDRA_FULL_ERROR=1 for a complete stack trace.
Exception ignored in atexit callback: <staticmethod(<function DistributedManager.cleanup at 0x145af0c4a440>)>
Traceback (most recent call last):
  File "/lustre09/project/6003252/htruchla/physicsnemo/physicsnemo/distributed/manager.py", line 813, in cleanup
    dist.barrier(device_ids=[DistributedManager().local_rank])
  File "/home/htruchla/envs/xaeronet/lib/python3.10/site-packages/torch/distributed/c10d_logger.py", line 83, in wrapper
    return func(*args, **kwargs)
  File "/home/htruchla/envs/xaeronet/lib/python3.10/site-packages/torch/distributed/distributed_c10d.py", line 4159, in barrier
    work = group.barrier(opts=opts)
RuntimeError: ProcessGroupWrapper: Monitored Barrier encountered error running collective: CollectiveFingerPrint(SequenceNumber=257OpType=BARRIER). Error: 
Application timeout caused pair closure
[rank1]:[E311 20:30:55.279568061 ProcessGroupGloo.cpp:143] Rank 1 successfully reached monitoredBarrier, but received errors while waiting for send/recv from rank 0. Please check rank 0 logs for faulty rank.
[rank6]:[E311 20:30:55.157391777 ProcessGroupGloo.cpp:143] Rank 6 successfully reached monitoredBarrier, but received errors while waiting for send/recv from rank 0. Please check rank 0 logs for faulty rank.
Error executing job with overrides: []
Error executing job with overrides: []
Traceback (most recent call last):
  File "/lustre09/project/6003252/htruchla/physicsnemo/examples/cfd/external_aerodynamics/xaeronet/surface_rorqual/train_rorqual.py", line 236, in main
    scaler.scale(loss).backward()
  File "/home/htruchla/envs/xaeronet/lib/python3.10/site-packages/torch/_tensor.py", line 581, in backward
    torch.autograd.backward(
  File "/home/htruchla/envs/xaeronet/lib/python3.10/site-packages/torch/autograd/__init__.py", line 347, in backward
    _engine_run_backward(
  File "/home/htruchla/envs/xaeronet/lib/python3.10/site-packages/torch/autograd/graph.py", line 825, in _engine_run_backward
    return Variable._execution_engine.run_backward(  # Calls into the C++ engine to run the backward pass
RuntimeError: Rank 6 successfully reached monitoredBarrier, but received errors while waiting for send/recv from rank 0. Please check rank 0 logs for faulty rank.
 Original exception: 
[/shared_tmp/build_wheels_tmp.337748/python-3.10/torch/third_party/gloo/gloo/transport/tcp/unbound_buffer.cc:133] Timed out waiting 600000ms for send operation to complete

Set the environment variable HYDRA_FULL_ERROR=1 for a complete stack trace.
Traceback (most recent call last):
  File "/lustre09/project/6003252/htruchla/physicsnemo/examples/cfd/external_aerodynamics/xaeronet/surface_rorqual/train_rorqual.py", line 236, in main
    scaler.scale(loss).backward()
  File "/home/htruchla/envs/xaeronet/lib/python3.10/site-packages/torch/_tensor.py", line 581, in backward
    torch.autograd.backward(
  File "/home/htruchla/envs/xaeronet/lib/python3.10/site-packages/torch/autograd/__init__.py", line 347, in backward
    _engine_run_backward(
  File "/home/htruchla/envs/xaeronet/lib/python3.10/site-packages/torch/autograd/graph.py", line 825, in _engine_run_backward
    return Variable._execution_engine.run_backward(  # Calls into the C++ engine to run the backward pass
RuntimeError: Rank 1 successfully reached monitoredBarrier, but received errors while waiting for send/recv from rank 0. Please check rank 0 logs for faulty rank.
 Original exception: 
[/shared_tmp/build_wheels_tmp.337748/python-3.10/torch/third_party/gloo/gloo/transport/tcp/unbound_buffer.cc:133] Timed out waiting 600000ms for send operation to complete

Set the environment variable HYDRA_FULL_ERROR=1 for a complete stack trace.
Exception ignored in atexit callback: <staticmethod(<function DistributedManager.cleanup at 0x14b1245e6440>)>
Traceback (most recent call last):
  File "/lustre09/project/6003252/htruchla/physicsnemo/physicsnemo/distributed/manager.py", line 813, in cleanup
    dist.barrier(device_ids=[DistributedManager().local_rank])
  File "/home/htruchla/envs/xaeronet/lib/python3.10/site-packages/torch/distributed/c10d_logger.py", line 83, in wrapper
    return func(*args, **kwargs)
  File "/home/htruchla/envs/xaeronet/lib/python3.10/site-packages/torch/distributed/distributed_c10d.py", line 4159, in barrier
Exception ignored in atexit callback: <staticmethod(<function DistributedManager.cleanup at 0x149d9480e440>)>
Traceback (most recent call last):
  File "/lustre09/project/6003252/htruchla/physicsnemo/physicsnemo/distributed/manager.py", line 813, in cleanup
    dist.barrier(device_ids=[DistributedManager().local_rank])
  File "/home/htruchla/envs/xaeronet/lib/python3.10/site-packages/torch/distributed/c10d_logger.py", line 83, in wrapper
    work = group.barrier(opts=opts)
RuntimeError: ProcessGroupWrapper: Monitored Barrier encountered error running collective: CollectiveFingerPrint(SequenceNumber=257OpType=BARRIER). Error: 
Application timeout caused pair closure
    return func(*args, **kwargs)
  File "/home/htruchla/envs/xaeronet/lib/python3.10/site-packages/torch/distributed/distributed_c10d.py", line 4159, in barrier
    work = group.barrier(opts=opts)
RuntimeError: ProcessGroupWrapper: Monitored Barrier encountered error running collective: CollectiveFingerPrint(SequenceNumber=257OpType=BARRIER). Error: 
Application timeout caused pair closure
[rank4]:[E311 20:30:55.167463124 ProcessGroupGloo.cpp:143] Rank 4 successfully reached monitoredBarrier, but received errors while waiting for send/recv from rank 0. Please check rank 0 logs for faulty rank.
Error executing job with overrides: []
Traceback (most recent call last):
  File "/lustre09/project/6003252/htruchla/physicsnemo/examples/cfd/external_aerodynamics/xaeronet/surface_rorqual/train_rorqual.py", line 236, in main
    scaler.scale(loss).backward()
  File "/home/htruchla/envs/xaeronet/lib/python3.10/site-packages/torch/_tensor.py", line 581, in backward
    torch.autograd.backward(
  File "/home/htruchla/envs/xaeronet/lib/python3.10/site-packages/torch/autograd/__init__.py", line 347, in backward
    _engine_run_backward(
  File "/home/htruchla/envs/xaeronet/lib/python3.10/site-packages/torch/autograd/graph.py", line 825, in _engine_run_backward
    return Variable._execution_engine.run_backward(  # Calls into the C++ engine to run the backward pass
RuntimeError: Rank 4 successfully reached monitoredBarrier, but received errors while waiting for send/recv from rank 0. Please check rank 0 logs for faulty rank.
 Original exception: 
[/shared_tmp/build_wheels_tmp.337748/python-3.10/torch/third_party/gloo/gloo/transport/tcp/unbound_buffer.cc:133] Timed out waiting 600000ms for send operation to complete

Set the environment variable HYDRA_FULL_ERROR=1 for a complete stack trace.
Exception ignored in atexit callback: <staticmethod(<function DistributedManager.cleanup at 0x14d04c9e6440>)>
Traceback (most recent call last):
  File "/lustre09/project/6003252/htruchla/physicsnemo/physicsnemo/distributed/manager.py", line 813, in cleanup
    dist.barrier(device_ids=[DistributedManager().local_rank])
  File "/home/htruchla/envs/xaeronet/lib/python3.10/site-packages/torch/distributed/c10d_logger.py", line 83, in wrapper
    return func(*args, **kwargs)
  File "/home/htruchla/envs/xaeronet/lib/python3.10/site-packages/torch/distributed/distributed_c10d.py", line 4159, in barrier
    work = group.barrier(opts=opts)
RuntimeError: ProcessGroupWrapper: Monitored Barrier encountered error running collective: CollectiveFingerPrint(SequenceNumber=257OpType=BARRIER). Error: 
Application timeout caused pair closure
[rank4]:[W311 20:30:55.670258693 ProcessGroupNCCL.cpp:1250] Warning: WARNING: process group has NOT been destroyed before we destruct ProcessGroupNCCL. On normal program exit, the application should call destroy_process_group to ensure that any pending NCCL operations have finished in this process. In rare cases this process can exit before this point and block the progress of another member of the process group. This constraint has always been present,  but this warning has only been added since PyTorch 2.4 (function operator())
srun: error: rg32403: task 4: Exited with exit code 1
srun: error: rg32402: tasks 1-3: Exited with exit code 1
srun: error: rg32403: tasks 5,7: Exited with exit code 1
srun: error: rg32403: task 6: Exited with exit code 1
Error executing job with overrides: []
Traceback (most recent call last):
  File "/lustre09/project/6003252/htruchla/physicsnemo/examples/cfd/external_aerodynamics/xaeronet/surface_rorqual/train_rorqual.py", line 236, in main
    scaler.scale(loss).backward()
  File "/home/htruchla/envs/xaeronet/lib/python3.10/site-packages/torch/_tensor.py", line 581, in backward
    torch.autograd.backward(
  File "/home/htruchla/envs/xaeronet/lib/python3.10/site-packages/torch/autograd/__init__.py", line 347, in backward
    _engine_run_backward(
  File "/home/htruchla/envs/xaeronet/lib/python3.10/site-packages/torch/autograd/graph.py", line 825, in _engine_run_backward
    return Variable._execution_engine.run_backward(  # Calls into the C++ engine to run the backward pass
RuntimeError: ProcessGroupWrapper: Monitored Barrier encountered error running collective: CollectiveFingerPrint(SequenceNumber=257, OpType=ALLREDUCE, TensorShape=[264196], TensorDtypes=Float, TensorDeviceTypes=TensorOptions(dtype=float (default), device=cuda, layout=Strided (default), requires_grad=false (default), pinned_memory=false (default), memory_format=(nullopt))). Error: 
[/shared_tmp/build_wheels_tmp.337748/python-3.10/torch/third_party/gloo/gloo/transport/tcp/pair.cc:534] Connection closed by peer [10.83.104.102]:15765

Set the environment variable HYDRA_FULL_ERROR=1 for a complete stack trace.
Exception ignored in atexit callback: <staticmethod(<function DistributedManager.cleanup at 0x149ddacee440>)>
Traceback (most recent call last):
  File "/lustre09/project/6003252/htruchla/physicsnemo/physicsnemo/distributed/manager.py", line 813, in cleanup
    dist.barrier(device_ids=[DistributedManager().local_rank])
  File "/home/htruchla/envs/xaeronet/lib/python3.10/site-packages/torch/distributed/c10d_logger.py", line 83, in wrapper
    return func(*args, **kwargs)
  File "/home/htruchla/envs/xaeronet/lib/python3.10/site-packages/torch/distributed/distributed_c10d.py", line 4159, in barrier
    work = group.barrier(opts=opts)
RuntimeError: ProcessGroupWrapper: Monitored Barrier encountered error running collective: CollectiveFingerPrint(SequenceNumber=257OpType=BARRIER). Error: 
[/shared_tmp/build_wheels_tmp.337748/python-3.10/torch/third_party/gloo/gloo/transport/tcp/pair.cc:534] Connection closed by peer [10.83.104.102]:15765
[rank0]:[W311 20:32:46.987315918 ProcessGroupNCCL.cpp:1250] Warning: WARNING: process group has NOT been destroyed before we destruct ProcessGroupNCCL. On normal program exit, the application should call destroy_process_group to ensure that any pending NCCL operations have finished in this process. In rare cases this process can exit before this point and block the progress of another member of the process group. This constraint has always been present,  but this warning has only been added since PyTorch 2.4 (function operator())
srun: error: rg32402: task 0: Exited with exit code 1
sbatch: NOTE: Your memory request of 262144.0M was likely submitted as 256.0G. Please note that Slurm interprets memory requests denominated in G as multiples of 1024M, not 1000M.
