Processing Runs:   0%|          | 0/500 [00:00<?, ?run/s]Processing Runs:   0%|          | 1/500 [00:01<11:36,  1.40s/run]Computing METIS partitioning...
Done!
Computing METIS partitioning...
Done!
Computing METIS partitioning...
Done!
Computing METIS partitioning...
Done!
Computing METIS partitioning...
Done!
Computing METIS partitioning...
Computing METIS partitioning...
Done!
Done!
Computing METIS partitioning...
Done!
Computing METIS partitioning...
Done!
Computing METIS partitioning...
Done!
Computing METIS partitioning...
Done!
Computing METIS partitioning...
Done!
Computing METIS partitioning...
Computing METIS partitioning...
Computing METIS partitioning...
Done!
Done!
Done!
Computing METIS partitioning...
Done!
Computing METIS partitioning...
Computing METIS partitioning...
Done!
Done!
Processing Runs:   0%|          | 2/500 [05:36<27:20:19, 197.63s/run]Computing METIS partitioning...
Done!
Computing METIS partitioning...
Done!
Computing METIS partitioning...
Done!
Computing METIS partitioning...
Done!
Computing METIS partitioning...
Done!
Computing METIS partitioning...
Done!
Computing METIS partitioning...
Done!
Computing METIS partitioning...
Done!
Computing METIS partitioning...
Done!
Computing METIS partitioning...
Done!
Computing METIS partitioning...
Done!
Computing METIS partitioning...
Done!
Computing METIS partitioning...
Done!
Computing METIS partitioning...
Done!
Computing METIS partitioning...
Done!
Computing METIS partitioning...
Done!
Computing METIS partitioning...
Done!
Computing METIS partitioning...
Done!
Computing METIS partitioning...
Done!
Computing METIS partitioning...
Done!
Computing METIS partitioning...
Done!
Computing METIS partitioning...
Done!
Computing METIS partitioning...
Done!
Computing METIS partitioning...
Done!
Computing METIS partitioning...
Done!
Computing METIS partitioning...
Done!
Computing METIS partitioning...
Done!
Computing METIS partitioning...
Done!
Computing METIS partitioning...
Done!
Computing METIS partitioning...
Done!
Computing METIS partitioning...
Done!
Computing METIS partitioning...
Done!
Computing METIS partitioning...
Done!
Computing METIS partitioning...
Done!
Computing METIS partitioning...
Done!
Computing METIS partitioning...
Done!
Computing METIS partitioning...
Done!
Computing METIS partitioning...
Done!
Computing METIS partitioning...
Done!
slurmstepd: error: *** JOB 7357747 ON rc13122 CANCELLED AT 2026-02-26T03:56:08 ***
slurmstepd: error: *** JOB 7357747 STEPD TERMINATED ON rc13122 AT 2026-02-26T04:06:08 DUE TO JOB NOT ENDING WITH SIGNALS ***
slurmstepd: error: Container 2679926 in cgroup plugin has 10 processes, giving up after 607 sec
