 ***********Loading modules************** 
=== [Wed 25 Feb 2026 02:38:24 PM EST] Preprocessing started on rc13220 ===
Partitions for run 193 already exist. Skipping...
Partitions for run 8 already exist. Skipping...
Partitions for run 119 already exist. Skipping...
Partitions for run 466 already exist. Skipping...
Partitions for run 481 already exist. Skipping...
Partitions for run 81 already exist. Skipping...
Partitions for run 31 already exist. Skipping...
Partitions for run 392 already exist. Skipping...
Partitions for run 145 already exist. Skipping...
Partitions for run 283 already exist. Skipping...
Partitions for run 328 already exist. Skipping...
Partitions for run 109 already exist. Skipping...
Partitions for run 200 already exist. Skipping...
Partitions for run 498 already exist. Skipping...
Partitions for run 425 already exist. Skipping...
Partitions for run 52 already exist. Skipping...
Partitions for run 3 already exist. Skipping...
Partitions for run 340 already exist. Skipping...
Partitions for run 435 already exist. Skipping...
Partitions for run 373 already exist. Skipping...
Partitions for run 360 already exist. Skipping...
Partitions for run 411 already exist. Skipping...
Partitions for run 394 already exist. Skipping...
Partitions for run 256 already exist. Skipping...
Partitions for run 6 already exist. Skipping...
Partitions for run 401 already exist. Skipping...
Partitions for run 106 already exist. Skipping...
Partitions for run 272 already exist. Skipping...
Partitions for run 101 already exist. Skipping...
Partitions for run 192 already exist. Skipping...
Error processing run 295: zero-size array to reduction operation minimum which has no identity. Skipping this run...
Partitions for run 301 already exist. Skipping...
Partitions for run 178 already exist. Skipping...
Partitions for run 395 already exist. Skipping...
Partitions for run 276 already exist. Skipping...
Partitions for run 437 already exist. Skipping...
Partitions for run 114 already exist. Skipping...
Partitions for run 423 already exist. Skipping...
Partitions for run 187 already exist. Skipping...
Partitions for run 310 already exist. Skipping...
Partitions for run 260 already exist. Skipping...
Partitions for run 383 already exist. Skipping...
Partitions for run 107 already exist. Skipping...
Partitions for run 141 already exist. Skipping...
Partitions for run 275 already exist. Skipping...
Partitions for run 147 already exist. Skipping...
Partitions for run 244 already exist. Skipping...
Partitions for run 349 already exist. Skipping...
Partitions for run 239 already exist. Skipping...
Partitions for run 343 already exist. Skipping...
Partitions for run 108 already exist. Skipping...
Partitions for run 371 already exist. Skipping...
Partitions for run 292 already exist. Skipping...
Partitions for run 209 already exist. Skipping...
Partitions for run 164 already exist. Skipping...
Partitions for run 113 already exist. Skipping...
Partitions for run 163 already exist. Skipping...
Partitions for run 5 already exist. Skipping...
Partitions for run 54 already exist. Skipping...
Partitions for run 88 already exist. Skipping...
Partitions for run 331 already exist. Skipping...
Partitions for run 363 already exist. Skipping...
Partitions for run 380 already exist. Skipping...
Partitions for run 240 already exist. Skipping...
Partitions for run 237 already exist. Skipping...
Partitions for run 168 already exist. Skipping...
Partitions for run 4 already exist. Skipping...
Partitions for run 366 already exist. Skipping...
Partitions for run 285 already exist. Skipping...
Partitions for run 311 already exist. Skipping...
Partitions for run 67 already exist. Skipping...
Partitions for run 400 already exist. Skipping...
Partitions for run 477 already exist. Skipping...
Partitions for run 132 already exist. Skipping...
Partitions for run 258 already exist. Skipping...
Partitions for run 322 already exist. Skipping...
Partitions for run 95 already exist. Skipping...
Partitions for run 128 already exist. Skipping...
Partitions for run 122 already exist. Skipping...
Partitions for run 468 already exist. Skipping...
Partitions for run 68 already exist. Skipping...
Partitions for run 125 already exist. Skipping...
Partitions for run 173 already exist. Skipping...
Partitions for run 444 already exist. Skipping...
Partitions for run 332 already exist. Skipping...
Partitions for run 302 already exist. Skipping...
Partitions for run 391 already exist. Skipping...
Partitions for run 90 already exist. Skipping...
Partitions for run 409 already exist. Skipping...
Partitions for run 134 already exist. Skipping...
Partitions for run 149 already exist. Skipping...
Partitions for run 474 already exist. Skipping...
Error processing run 403: zero-size array to reduction operation minimum which has no identity. Skipping this run...
Partitions for run 330 already exist. Skipping...
Partitions for run 347 already exist. Skipping...
Error processing run 376: zero-size array to reduction operation minimum which has no identity. Skipping this run...
Partitions for run 398 already exist. Skipping...
Partitions for run 445 already exist. Skipping...
Partitions for run 38 already exist. Skipping...
Partitions for run 105 already exist. Skipping...
Partitions for run 339 already exist. Skipping...
Partitions for run 243 already exist. Skipping...
Partitions for run 290 already exist. Skipping...
Partitions for run 495 already exist. Skipping...
Partitions for run 10 already exist. Skipping...
Partitions for run 89 already exist. Skipping...
Partitions for run 45 already exist. Skipping...
Partitions for run 304 already exist. Skipping...
Partitions for run 47 already exist. Skipping...
Partitions for run 374 already exist. Skipping...
Partitions for run 335 already exist. Skipping...
Partitions for run 245 already exist. Skipping...
Partitions for run 103 already exist. Skipping...
Partitions for run 12 already exist. Skipping...
Partitions for run 152 already exist. Skipping...
Partitions for run 418 already exist. Skipping...
Partitions for run 441 already exist. Skipping...
Partitions for run 206 already exist. Skipping...
Partitions for run 196 already exist. Skipping...
Partitions for run 432 already exist. Skipping...
Partitions for run 438 already exist. Skipping...
Partitions for run 172 already exist. Skipping...
Partitions for run 246 already exist. Skipping...
Partitions for run 430 already exist. Skipping...
Partitions for run 273 already exist. Skipping...
Partitions for run 390 already exist. Skipping...
Partitions for run 402 already exist. Skipping...
Partitions for run 49 already exist. Skipping...
Error processing run 221: zero-size array to reduction operation minimum which has no identity. Skipping this run...
Partitions for run 326 already exist. Skipping...
Partitions for run 393 already exist. Skipping...
Partitions for run 499 already exist. Skipping...
Partitions for run 99 already exist. Skipping...
Partitions for run 140 already exist. Skipping...
Partitions for run 137 already exist. Skipping...
Partitions for run 286 already exist. Skipping...
Partitions for run 312 already exist. Skipping...
Partitions for run 72 already exist. Skipping...
Partitions for run 156 already exist. Skipping...
Partitions for run 210 already exist. Skipping...
Partitions for run 53 already exist. Skipping...
Partitions for run 180 already exist. Skipping...
Partitions for run 475 already exist. Skipping...
Partitions for run 148 already exist. Skipping...
Partitions for run 142 already exist. Skipping...
Partitions for run 146 already exist. Skipping...
Partitions for run 131 already exist. Skipping...
Partitions for run 406 already exist. Skipping...
Partitions for run 214 already exist. Skipping...
Error processing run 364: zero-size array to reduction operation minimum which has no identity. Skipping this run...
Partitions for run 287 already exist. Skipping...
Partitions for run 57 already exist. Skipping...
Partitions for run 20 already exist. Skipping...
Partitions for run 490 already exist. Skipping...
Partitions for run 74 already exist. Skipping...
Partitions for run 455 already exist. Skipping...
Partitions for run 55 already exist. Skipping...
Partitions for run 22 already exist. Skipping...
Partitions for run 428 already exist. Skipping...
Partitions for run 115 already exist. Skipping...
Partitions for run 216 already exist. Skipping...
Partitions for run 382 already exist. Skipping...
Partitions for run 261 already exist. Skipping...
Partitions for run 388 already exist. Skipping...
Partitions for run 234 already exist. Skipping...
Partitions for run 333 already exist. Skipping...
Partitions for run 405 already exist. Skipping...
Partitions for run 121 already exist. Skipping...
Partitions for run 424 already exist. Skipping...
Partitions for run 346 already exist. Skipping...
Partitions for run 462 already exist. Skipping...
Partitions for run 263 already exist. Skipping...
Partitions for run 269 already exist. Skipping...
Partitions for run 76 already exist. Skipping...
Partitions for run 171 already exist. Skipping...
Partitions for run 46 already exist. Skipping...
Partitions for run 375 already exist. Skipping...
Partitions for run 296 already exist. Skipping...
Partitions for run 308 already exist. Skipping...
Partitions for run 198 already exist. Skipping...
Partitions for run 344 already exist. Skipping...
Partitions for run 249 already exist. Skipping...
Partitions for run 336 already exist. Skipping...
Partitions for run 252 already exist. Skipping...
Partitions for run 279 already exist. Skipping...
Partitions for run 277 already exist. Skipping...
Partitions for run 62 already exist. Skipping...
Partitions for run 15 already exist. Skipping...
Partitions for run 155 already exist. Skipping...
Partitions for run 27 already exist. Skipping...
Partitions for run 189 already exist. Skipping...
Partitions for run 294 already exist. Skipping...
Partitions for run 33 already exist. Skipping...
Partitions for run 136 already exist. Skipping...
Partitions for run 460 already exist. Skipping...
Partitions for run 288 already exist. Skipping...
Partitions for run 118 already exist. Skipping...
Partitions for run 452 already exist. Skipping...
Partitions for run 337 already exist. Skipping...
Partitions for run 79 already exist. Skipping...
Partitions for run 14 already exist. Skipping...
Partitions for run 177 already exist. Skipping...
Partitions for run 228 already exist. Skipping...
Partitions for run 267 already exist. Skipping...
Partitions for run 471 already exist. Skipping...
Partitions for run 251 already exist. Skipping...
Partitions for run 467 already exist. Skipping...
Partitions for run 421 already exist. Skipping...
Partitions for run 185 already exist. Skipping...
Partitions for run 357 already exist. Skipping...
Partitions for run 250 already exist. Skipping...
Partitions for run 480 already exist. Skipping...
Partitions for run 100 already exist. Skipping...
Partitions for run 59 already exist. Skipping...
Partitions for run 303 already exist. Skipping...
Partitions for run 457 already exist. Skipping...
Partitions for run 186 already exist. Skipping...
Partitions for run 422 already exist. Skipping...
Partitions for run 28 already exist. Skipping...
Partitions for run 162 already exist. Skipping...
Partitions for run 32 already exist. Skipping...
Partitions for run 381 already exist. Skipping...
Partitions for run 138 already exist. Skipping...
Partitions for run 85 already exist. Skipping...
Partitions for run 29 already exist. Skipping...
Partitions for run 135 already exist. Skipping...
Partitions for run 34 already exist. Skipping...
Partitions for run 356 already exist. Skipping...
Partitions for run 465 already exist. Skipping...
Partitions for run 158 already exist. Skipping...
Partitions for run 93 already exist. Skipping...
Partitions for run 188 already exist. Skipping...
Partitions for run 166 already exist. Skipping...
Partitions for run 96 already exist. Skipping...
Partitions for run 16 already exist. Skipping...
Partitions for run 2 already exist. Skipping...
Partitions for run 194 already exist. Skipping...
Partitions for run 309 already exist. Skipping...
Partitions for run 232 already exist. Skipping...
Partitions for run 219 already exist. Skipping...
Partitions for run 195 already exist. Skipping...
Partitions for run 278 already exist. Skipping...
Partitions for run 396 already exist. Skipping...
Partitions for run 202 already exist. Skipping...
Partitions for run 378 already exist. Skipping...
Partitions for run 36 already exist. Skipping...
Partitions for run 41 already exist. Skipping...
Partitions for run 271 already exist. Skipping...
Partitions for run 493 already exist. Skipping...
Partitions for run 268 already exist. Skipping...
Partitions for run 365 already exist. Skipping...
Partitions for run 262 already exist. Skipping...
Partitions for run 215 already exist. Skipping...
Partitions for run 318 already exist. Skipping...
Partitions for run 21 already exist. Skipping...
Partitions for run 456 already exist. Skipping...
Partitions for run 19 already exist. Skipping...
Partitions for run 397 already exist. Skipping...
Partitions for run 453 already exist. Skipping...
Partitions for run 75 already exist. Skipping...
Partitions for run 449 already exist. Skipping...
Partitions for run 420 already exist. Skipping...
Partitions for run 323 already exist. Skipping...
Partitions for run 254 already exist. Skipping...
Partitions for run 334 already exist. Skipping...
Partitions for run 191 already exist. Skipping...
Partitions for run 42 already exist. Skipping...
Partitions for run 306 already exist. Skipping...
Partitions for run 78 already exist. Skipping...
Partitions for run 255 already exist. Skipping...
Partitions for run 11 already exist. Skipping...
Partitions for run 225 already exist. Skipping...
Partitions for run 30 already exist. Skipping...
Partitions for run 204 already exist. Skipping...
Error processing run 370: zero-size array to reduction operation minimum which has no identity. Skipping this run...
Partitions for run 299 already exist. Skipping...
Partitions for run 412 already exist. Skipping...
Partitions for run 439 already exist. Skipping...
Partitions for run 345 already exist. Skipping...
Partitions for run 98 already exist. Skipping...
Partitions for run 431 already exist. Skipping...
Partitions for run 458 already exist. Skipping...
Partitions for run 497 already exist. Skipping...
Partitions for run 139 already exist. Skipping...
Error processing run 473: zero-size array to reduction operation minimum which has no identity. Skipping this run...
Partitions for run 208 already exist. Skipping...
Partitions for run 281 already exist. Skipping...
Partitions for run 478 already exist. Skipping...
Partitions for run 317 already exist. Skipping...
Partitions for run 447 already exist. Skipping...
Partitions for run 170 already exist. Skipping...
Partitions for run 297 already exist. Skipping...
Partitions for run 476 already exist. Skipping...
Partitions for run 484 already exist. Skipping...
Partitions for run 64 already exist. Skipping...
Partitions for run 487 already exist. Skipping...
Partitions for run 472 already exist. Skipping...
Partitions for run 241 already exist. Skipping...
Partitions for run 190 already exist. Skipping...
Partitions for run 410 already exist. Skipping...
Partitions for run 127 already exist. Skipping...
Partitions for run 150 already exist. Skipping...
Partitions for run 483 already exist. Skipping...
Partitions for run 253 already exist. Skipping...
Partitions for run 224 already exist. Skipping...
Error processing run 329: zero-size array to reduction operation minimum which has no identity. Skipping this run...
Partitions for run 259 already exist. Skipping...
Partitions for run 413 already exist. Skipping...
Partitions for run 469 already exist. Skipping...
Partitions for run 69 already exist. Skipping...
Partitions for run 154 already exist. Skipping...
Partitions for run 463 already exist. Skipping...
Partitions for run 386 already exist. Skipping...
Partitions for run 212 already exist. Skipping...
Partitions for run 341 already exist. Skipping...
Partitions for run 384 already exist. Skipping...
Partitions for run 443 already exist. Skipping...
Partitions for run 307 already exist. Skipping...
Partitions for run 415 already exist. Skipping...
Partitions for run 183 already exist. Skipping...
Partitions for run 450 already exist. Skipping...
Partitions for run 264 already exist. Skipping...
Partitions for run 387 already exist. Skipping...
Partitions for run 359 already exist. Skipping...
Partitions for run 84 already exist. Skipping...
Error processing run 211: zero-size array to reduction operation minimum which has no identity. Skipping this run...
Error processing run 316: zero-size array to reduction operation minimum which has no identity. Skipping this run...
Error processing run 282: zero-size array to reduction operation minimum which has no identity. Skipping this run...
Partitions for run 361 already exist. Skipping...
Partitions for run 63 already exist. Skipping...
Partitions for run 350 already exist. Skipping...
Partitions for run 257 already exist. Skipping...
Partitions for run 220 already exist. Skipping...
Partitions for run 111 already exist. Skipping...
Partitions for run 51 already exist. Skipping...
Error processing run 325: zero-size array to reduction operation minimum which has no identity. Skipping this run...
Partitions for run 358 already exist. Skipping...
Partitions for run 91 already exist. Skipping...
Partitions for run 314 already exist. Skipping...
Partitions for run 319 already exist. Skipping...
Partitions for run 300 already exist. Skipping...
Partitions for run 104 already exist. Skipping...
Partitions for run 39 already exist. Skipping...
Partitions for run 197 already exist. Skipping...
Partitions for run 385 already exist. Skipping...
Partitions for run 181 already exist. Skipping...
Partitions for run 26 already exist. Skipping...
Partitions for run 426 already exist. Skipping...
Partitions for run 451 already exist. Skipping...
Partitions for run 182 already exist. Skipping...
Partitions for run 362 already exist. Skipping...
Partitions for run 315 already exist. Skipping...
Error processing run 218: zero-size array to reduction operation minimum which has no identity. Skipping this run...
Partitions for run 368 already exist. Skipping...
Partitions for run 265 already exist. Skipping...
Partitions for run 496 already exist. Skipping...
Partitions for run 61 already exist. Skipping...
Partitions for run 454 already exist. Skipping...
Partitions for run 389 already exist. Skipping...
Partitions for run 184 already exist. Skipping...
Partitions for run 205 already exist. Skipping...
Partitions for run 143 already exist. Skipping...
Partitions for run 470 already exist. Skipping...
Partitions for run 407 already exist. Skipping...
Partitions for run 231 already exist. Skipping...
Partitions for run 416 already exist. Skipping...
Partitions for run 488 already exist. Skipping...
Partitions for run 71 already exist. Skipping...
Partitions for run 238 already exist. Skipping...
Error processing run 167: zero-size array to reduction operation minimum which has no identity. Skipping this run...
Partitions for run 369 already exist. Skipping...
Partitions for run 313 already exist. Skipping...
Partitions for run 18 already exist. Skipping...
Partitions for run 83 already exist. Skipping...
Partitions for run 320 already exist. Skipping...
Partitions for run 227 already exist. Skipping...
Partitions for run 419 already exist. Skipping...
Partitions for run 153 already exist. Skipping...
Partitions for run 124 already exist. Skipping...
Partitions for run 464 already exist. Skipping...
Partitions for run 379 already exist. Skipping...
Partitions for run 222 already exist. Skipping...
Partitions for run 429 already exist. Skipping...
Partitions for run 367 already exist. Skipping...
Partitions for run 82 already exist. Skipping...
Partitions for run 482 already exist. Skipping...
Partitions for run 151 already exist. Skipping...
Partitions for run 66 already exist. Skipping...
Partitions for run 43 already exist. Skipping...
Partitions for run 434 already exist. Skipping...
Partitions for run 293 already exist. Skipping...
Partitions for run 65 already exist. Skipping...
Partitions for run 489 already exist. Skipping...
Partitions for run 116 already exist. Skipping...
Partitions for run 161 already exist. Skipping...
Partitions for run 7 already exist. Skipping...
Partitions for run 56 already exist. Skipping...
Partitions for run 80 already exist. Skipping...
Partitions for run 159 already exist. Skipping...
Partitions for run 13 already exist. Skipping...
Partitions for run 327 already exist. Skipping...
Partitions for run 37 already exist. Skipping...
Partitions for run 461 already exist. Skipping...
Partitions for run 289 already exist. Skipping...
Partitions for run 491 already exist. Skipping...
Partitions for run 86 already exist. Skipping...
Partitions for run 351 already exist. Skipping...
Partitions for run 50 already exist. Skipping...
Partitions for run 270 already exist. Skipping...
Partitions for run 44 already exist. Skipping...
Error processing run 248: zero-size array to reduction operation minimum which has no identity. Skipping this run...
Partitions for run 242 already exist. Skipping...
Partitions for run 235 already exist. Skipping...
Partitions for run 92 already exist. Skipping...
Partitions for run 77 already exist. Skipping...
Partitions for run 87 already exist. Skipping...
Partitions for run 123 already exist. Skipping...
Partitions for run 129 already exist. Skipping...
Partitions for run 414 already exist. Skipping...
Partitions for run 274 already exist. Skipping...
Partitions for run 459 already exist. Skipping...
Partitions for run 24 already exist. Skipping...
Partitions for run 217 already exist. Skipping...
Partitions for run 126 already exist. Skipping...
Partitions for run 236 already exist. Skipping...
Partitions for run 486 already exist. Skipping...
Partitions for run 160 already exist. Skipping...
Partitions for run 117 already exist. Skipping...
Partitions for run 226 already exist. Skipping...
Partitions for run 321 already exist. Skipping...
Partitions for run 399 already exist. Skipping...
Partitions for run 207 already exist. Skipping...
Partitions for run 229 already exist. Skipping...
Partitions for run 157 already exist. Skipping...
Partitions for run 35 already exist. Skipping...
Partitions for run 442 already exist. Skipping...
Partitions for run 448 already exist. Skipping...
Partitions for run 175 already exist. Skipping...
Partitions for run 298 already exist. Skipping...
Partitions for run 40 already exist. Skipping...
Partitions for run 427 already exist. Skipping...
Partitions for run 446 already exist. Skipping...
Partitions for run 305 already exist. Skipping...
Error processing run 291: zero-size array to reduction operation minimum which has no identity. Skipping this run...
Partitions for run 372 already exist. Skipping...
Partitions for run 70 already exist. Skipping...
Partitions for run 130 already exist. Skipping...
Partitions for run 203 already exist. Skipping...
Partitions for run 1 already exist. Skipping...
Partitions for run 213 already exist. Skipping...
Partitions for run 354 already exist. Skipping...
Partitions for run 494 already exist. Skipping...
Partitions for run 233 already exist. Skipping...
Partitions for run 440 already exist. Skipping...
Partitions for run 169 already exist. Skipping...
Partitions for run 284 already exist. Skipping...
Partitions for run 342 already exist. Skipping...
Partitions for run 280 already exist. Skipping...
Partitions for run 223 already exist. Skipping...
Partitions for run 353 already exist. Skipping...
Partitions for run 324 already exist. Skipping...
Partitions for run 17 already exist. Skipping...
Partitions for run 120 already exist. Skipping...
Partitions for run 266 already exist. Skipping...
Partitions for run 112 already exist. Skipping...
Partitions for run 165 already exist. Skipping...
Partitions for run 230 already exist. Skipping...
Partitions for run 247 already exist. Skipping...
Partitions for run 479 already exist. Skipping...
Partitions for run 73 already exist. Skipping...
Partitions for run 94 already exist. Skipping...
Partitions for run 352 already exist. Skipping...
Partitions for run 485 already exist. Skipping...
Partitions for run 23 already exist. Skipping...
Partitions for run 408 already exist. Skipping...
Partitions for run 110 already exist. Skipping...
Partitions for run 377 already exist. Skipping...
Partitions for run 144 already exist. Skipping...
Partitions for run 133 already exist. Skipping...
Partitions for run 404 already exist. Skipping...
Partitions for run 176 already exist. Skipping...
Partitions for run 436 already exist. Skipping...
Partitions for run 201 already exist. Skipping...
Partitions for run 199 already exist. Skipping...
Partitions for run 355 already exist. Skipping...
Partitions for run 348 already exist. Skipping...
Partitions for run 174 already exist. Skipping...
Partitions for run 433 already exist. Skipping...
Partitions for run 179 already exist. Skipping...
Partitions for run 338 already exist. Skipping...
Partitions for run 492 already exist. Skipping...
Partitions for run 60 already exist. Skipping...
Partitions for run 417 already exist. Skipping...
Partitions for run 25 already exist. Skipping...
Partitions for run 9 already exist. Skipping...
Partitions for run 58 already exist. Skipping...
Partitions for run 97 already exist. Skipping...
Partitions for run 500 already exist. Skipping...
Partitions for run 48 already exist. Skipping...
Partitions for run 102 already exist. Skipping...
=== [Wed 25 Feb 2026 02:38:53 PM EST] Preprocessing finished with exit code 0 ===
