wandb: Updated settings file /lustre09/project/6003252/htruchla/physicsnemo/examples/cfd/external_aerodynamics/xaeronet/surface_rorqual/wandb/settings
Error executing job with overrides: []
Error executing job with overrides: []
Error executing job with overrides: []
Error executing job with overrides: []
Error executing job with overrides: []
Error executing job with overrides: []
Error executing job with overrides: []
Traceback (most recent call last):
Traceback (most recent call last):
  File "/lustre09/project/6003252/htruchla/physicsnemo/examples/cfd/external_aerodynamics/xaeronet/surface_rorqual/train_rorqual.py", line 147, in main
    model = MeshGraphNet(
  File "/lustre09/project/6003252/htruchla/physicsnemo/examples/cfd/external_aerodynamics/xaeronet/surface_rorqual/train_rorqual.py", line 147, in main
    model = MeshGraphNet(
  File "/lustre09/project/6003252/htruchla/physicsnemo/physicsnemo/models/meshgraphnet/meshgraphnet.py", line 218, in __init__
    self.processor = MeshGraphNetProcessor(
  File "/lustre09/project/6003252/htruchla/physicsnemo/physicsnemo/models/meshgraphnet/meshgraphnet.py", line 218, in __init__
    self.processor = MeshGraphNetProcessor(
Traceback (most recent call last):
  File "/lustre09/project/6003252/htruchla/physicsnemo/physicsnemo/models/meshgraphnet/meshgraphnet.py", line 304, in __init__
    self.set_checkpoint_segments(self.num_processor_checkpoint_segments)
  File "/lustre09/project/6003252/htruchla/physicsnemo/physicsnemo/models/meshgraphnet/meshgraphnet.py", line 304, in __init__
    self.set_checkpoint_segments(self.num_processor_checkpoint_segments)
Traceback (most recent call last):
  File "/lustre09/project/6003252/htruchla/physicsnemo/physicsnemo/models/meshgraphnet/meshgraphnet.py", line 340, in set_checkpoint_segments
    raise ValueError(
Traceback (most recent call last):
  File "/lustre09/project/6003252/htruchla/physicsnemo/physicsnemo/models/meshgraphnet/meshgraphnet.py", line 340, in set_checkpoint_segments
    raise ValueError(
Traceback (most recent call last):
ValueError: Processor layers must be a multiple of checkpoint_segments
  File "/lustre09/project/6003252/htruchla/physicsnemo/examples/cfd/external_aerodynamics/xaeronet/surface_rorqual/train_rorqual.py", line 147, in main
    model = MeshGraphNet(
ValueError: Processor layers must be a multiple of checkpoint_segments
  File "/lustre09/project/6003252/htruchla/physicsnemo/physicsnemo/models/meshgraphnet/meshgraphnet.py", line 218, in __init__
    self.processor = MeshGraphNetProcessor(
  File "/lustre09/project/6003252/htruchla/physicsnemo/physicsnemo/models/meshgraphnet/meshgraphnet.py", line 304, in __init__
    self.set_checkpoint_segments(self.num_processor_checkpoint_segments)
  File "/lustre09/project/6003252/htruchla/physicsnemo/physicsnemo/models/meshgraphnet/meshgraphnet.py", line 340, in set_checkpoint_segments
    raise ValueError(

Set the environment variable HYDRA_FULL_ERROR=1 for a complete stack trace.

Set the environment variable HYDRA_FULL_ERROR=1 for a complete stack trace.
ValueError: Processor layers must be a multiple of checkpoint_segments
  File "/lustre09/project/6003252/htruchla/physicsnemo/examples/cfd/external_aerodynamics/xaeronet/surface_rorqual/train_rorqual.py", line 147, in main
    model = MeshGraphNet(
  File "/lustre09/project/6003252/htruchla/physicsnemo/examples/cfd/external_aerodynamics/xaeronet/surface_rorqual/train_rorqual.py", line 147, in main
    model = MeshGraphNet(
  File "/lustre09/project/6003252/htruchla/physicsnemo/examples/cfd/external_aerodynamics/xaeronet/surface_rorqual/train_rorqual.py", line 147, in main
    model = MeshGraphNet(
Traceback (most recent call last):
  File "/lustre09/project/6003252/htruchla/physicsnemo/physicsnemo/models/meshgraphnet/meshgraphnet.py", line 218, in __init__
    self.processor = MeshGraphNetProcessor(
  File "/lustre09/project/6003252/htruchla/physicsnemo/physicsnemo/models/meshgraphnet/meshgraphnet.py", line 218, in __init__
    self.processor = MeshGraphNetProcessor(

Set the environment variable HYDRA_FULL_ERROR=1 for a complete stack trace.
  File "/lustre09/project/6003252/htruchla/physicsnemo/physicsnemo/models/meshgraphnet/meshgraphnet.py", line 218, in __init__
    self.processor = MeshGraphNetProcessor(
  File "/lustre09/project/6003252/htruchla/physicsnemo/physicsnemo/models/meshgraphnet/meshgraphnet.py", line 304, in __init__
    self.set_checkpoint_segments(self.num_processor_checkpoint_segments)
  File "/lustre09/project/6003252/htruchla/physicsnemo/physicsnemo/models/meshgraphnet/meshgraphnet.py", line 304, in __init__
    self.set_checkpoint_segments(self.num_processor_checkpoint_segments)
  File "/lustre09/project/6003252/htruchla/physicsnemo/physicsnemo/models/meshgraphnet/meshgraphnet.py", line 304, in __init__
    self.set_checkpoint_segments(self.num_processor_checkpoint_segments)
  File "/lustre09/project/6003252/htruchla/physicsnemo/examples/cfd/external_aerodynamics/xaeronet/surface_rorqual/train_rorqual.py", line 147, in main
    model = MeshGraphNet(
  File "/lustre09/project/6003252/htruchla/physicsnemo/physicsnemo/models/meshgraphnet/meshgraphnet.py", line 340, in set_checkpoint_segments
    raise ValueError(
  File "/lustre09/project/6003252/htruchla/physicsnemo/physicsnemo/models/meshgraphnet/meshgraphnet.py", line 340, in set_checkpoint_segments
    raise ValueError(
  File "/lustre09/project/6003252/htruchla/physicsnemo/physicsnemo/models/meshgraphnet/meshgraphnet.py", line 340, in set_checkpoint_segments
    raise ValueError(
  File "/lustre09/project/6003252/htruchla/physicsnemo/physicsnemo/models/meshgraphnet/meshgraphnet.py", line 218, in __init__
    self.processor = MeshGraphNetProcessor(
ValueError: Processor layers must be a multiple of checkpoint_segments
ValueError: Processor layers must be a multiple of checkpoint_segments
ValueError: Processor layers must be a multiple of checkpoint_segments
  File "/lustre09/project/6003252/htruchla/physicsnemo/physicsnemo/models/meshgraphnet/meshgraphnet.py", line 304, in __init__
    self.set_checkpoint_segments(self.num_processor_checkpoint_segments)
  File "/lustre09/project/6003252/htruchla/physicsnemo/physicsnemo/models/meshgraphnet/meshgraphnet.py", line 340, in set_checkpoint_segments
    raise ValueError(
ValueError: Processor layers must be a multiple of checkpoint_segments

Set the environment variable HYDRA_FULL_ERROR=1 for a complete stack trace.

Set the environment variable HYDRA_FULL_ERROR=1 for a complete stack trace.

Set the environment variable HYDRA_FULL_ERROR=1 for a complete stack trace.

Set the environment variable HYDRA_FULL_ERROR=1 for a complete stack trace.
wandb: Tracking run with wandb version 0.24.0
wandb: W&B syncing is set to `offline` in this directory. Run `wandb online` or set WANDB_MODE=online to enable cloud syncing.
wandb: Run data is saved locally in /lustre10/scratch/htruchla/XAERONET/outputs/XAeroNetS_DEBUGSET/wandb/wandb/offline-run-20260307_055316-tk24uizx
Error executing job with overrides: []
Traceback (most recent call last):
  File "/lustre09/project/6003252/htruchla/physicsnemo/examples/cfd/external_aerodynamics/xaeronet/surface_rorqual/train_rorqual.py", line 147, in main
    model = MeshGraphNet(
  File "/lustre09/project/6003252/htruchla/physicsnemo/physicsnemo/models/meshgraphnet/meshgraphnet.py", line 218, in __init__
    self.processor = MeshGraphNetProcessor(
  File "/lustre09/project/6003252/htruchla/physicsnemo/physicsnemo/models/meshgraphnet/meshgraphnet.py", line 304, in __init__
    self.set_checkpoint_segments(self.num_processor_checkpoint_segments)
  File "/lustre09/project/6003252/htruchla/physicsnemo/physicsnemo/models/meshgraphnet/meshgraphnet.py", line 340, in set_checkpoint_segments
    raise ValueError(
ValueError: Processor layers must be a multiple of checkpoint_segments

Set the environment variable HYDRA_FULL_ERROR=1 for a complete stack trace.
srun: error: rg31607: tasks 5,7: Exited with exit code 1
srun: error: rg31607: task 6: Exited with exit code 1
srun: error: rg31607: task 4: Exited with exit code 1
srun: error: rg21807: task 3: Exited with exit code 1
srun: error: rg21807: tasks 0-1: Exited with exit code 1
srun: error: rg21807: task 2: Exited with exit code 1
