=== [Thu 05 Mar 2026 07:38:33 PM EST] Training started ===
=== Nodes: rg[31606,32403] | Total GPUs (world size): 8 ===
=== MASTER_ADDR: rg31606 ===
Rank 7 of 8
Rank 1 of 8
Rank 6 of 8
Rank 3 of 8
Rank 5 of 8
Rank 2 of 8
Rank 4 of 8
Rank 0 of 8
Number of trainable parameters: 3234308
Number of trainable parameters: 3234308
Number of trainable parameters: 3234308
Number of trainable parameters: 3234308
Number of trainable parameters: 3234308
Number of trainable parameters: 3234308
Number of trainable parameters: 3234308
Training dataset size: 0
Validation dataset size: 3
Number of trainable parameters: 3234308
Instantiated the model and optimizer
Instantiated the model and optimizer
Instantiated the model and optimizer
Instantiated the model and optimizer
Instantiated the model and optimizer
Instantiated the model and optimizer
Instantiated the model and optimizer
Instantiated the model and optimizer
Checkpoint loaded: model_checkpoint.pth
Training started
Checkpoint loaded: model_checkpoint.pth
Training started
Checkpoint loaded: model_checkpoint.pth
Training started
Checkpoint loaded: model_checkpoint.pth
Checkpoint loaded: model_checkpoint.pth
Training started
Training started
Checkpoint loaded: model_checkpoint.pth
Training started
Checkpoint loaded: model_checkpoint.pth
Checkpoint loaded: model_checkpoint.pth
Training started
Training started
