WARNING: Retrying (Retry(total=4, connect=None, read=None, redirect=None, status=None)) after connection broken by 'NewConnectionError('<pip._vendor.urllib3.connection.HTTPSConnection object at 0x1530eb9daf50>: Failed to establish a new connection: [Errno 101] Network is unreachable')': /simple/pyvista/
WARNING: Retrying (Retry(total=3, connect=None, read=None, redirect=None, status=None)) after connection broken by 'NewConnectionError('<pip._vendor.urllib3.connection.HTTPSConnection object at 0x1530eb9db250>: Failed to establish a new connection: [Errno 101] Network is unreachable')': /simple/pyvista/
WARNING: Retrying (Retry(total=2, connect=None, read=None, redirect=None, status=None)) after connection broken by 'NewConnectionError('<pip._vendor.urllib3.connection.HTTPSConnection object at 0x1530eb9db400>: Failed to establish a new connection: [Errno 101] Network is unreachable')': /simple/pyvista/
WARNING: Retrying (Retry(total=1, connect=None, read=None, redirect=None, status=None)) after connection broken by 'NewConnectionError('<pip._vendor.urllib3.connection.HTTPSConnection object at 0x1530eb9db5b0>: Failed to establish a new connection: [Errno 101] Network is unreachable')': /simple/pyvista/
WARNING: Retrying (Retry(total=0, connect=None, read=None, redirect=None, status=None)) after connection broken by 'NewConnectionError('<pip._vendor.urllib3.connection.HTTPSConnection object at 0x1530eb9db760>: Failed to establish a new connection: [Errno 101] Network is unreachable')': /simple/pyvista/
WARNING: Retrying (Retry(total=4, connect=None, read=None, redirect=None, status=None)) after connection broken by 'NewConnectionError('<pip._vendor.urllib3.connection.HTTPSConnection object at 0x1530ebb81e70>: Failed to establish a new connection: [Errno 101] Network is unreachable')': /simple/matplotlib/
WARNING: Retrying (Retry(total=3, connect=None, read=None, redirect=None, status=None)) after connection broken by 'NewConnectionError('<pip._vendor.urllib3.connection.HTTPSConnection object at 0x1530ebb81660>: Failed to establish a new connection: [Errno 101] Network is unreachable')': /simple/matplotlib/
WARNING: Retrying (Retry(total=2, connect=None, read=None, redirect=None, status=None)) after connection broken by 'NewConnectionError('<pip._vendor.urllib3.connection.HTTPSConnection object at 0x1530ebb82a70>: Failed to establish a new connection: [Errno 101] Network is unreachable')': /simple/matplotlib/
WARNING: Retrying (Retry(total=1, connect=None, read=None, redirect=None, status=None)) after connection broken by 'NewConnectionError('<pip._vendor.urllib3.connection.HTTPSConnection object at 0x1530ebb82b30>: Failed to establish a new connection: [Errno 101] Network is unreachable')': /simple/matplotlib/
WARNING: Retrying (Retry(total=0, connect=None, read=None, redirect=None, status=None)) after connection broken by 'NewConnectionError('<pip._vendor.urllib3.connection.HTTPSConnection object at 0x1530ea9e0250>: Failed to establish a new connection: [Errno 101] Network is unreachable')': /simple/matplotlib/
WARNING: Retrying (Retry(total=4, connect=None, read=None, redirect=None, status=None)) after connection broken by 'NewConnectionError('<pip._vendor.urllib3.connection.HTTPSConnection object at 0x1530ebb79720>: Failed to establish a new connection: [Errno 101] Network is unreachable')': /simple/numpy/
WARNING: Retrying (Retry(total=3, connect=None, read=None, redirect=None, status=None)) after connection broken by 'NewConnectionError('<pip._vendor.urllib3.connection.HTTPSConnection object at 0x1530ebb78280>: Failed to establish a new connection: [Errno 101] Network is unreachable')': /simple/numpy/
WARNING: Retrying (Retry(total=2, connect=None, read=None, redirect=None, status=None)) after connection broken by 'NewConnectionError('<pip._vendor.urllib3.connection.HTTPSConnection object at 0x1530ea9e01c0>: Failed to establish a new connection: [Errno 101] Network is unreachable')': /simple/numpy/
WARNING: Retrying (Retry(total=1, connect=None, read=None, redirect=None, status=None)) after connection broken by 'NewConnectionError('<pip._vendor.urllib3.connection.HTTPSConnection object at 0x1530ea9e04f0>: Failed to establish a new connection: [Errno 101] Network is unreachable')': /simple/numpy/
WARNING: Retrying (Retry(total=0, connect=None, read=None, redirect=None, status=None)) after connection broken by 'NewConnectionError('<pip._vendor.urllib3.connection.HTTPSConnection object at 0x1530ea9e0730>: Failed to establish a new connection: [Errno 101] Network is unreachable')': /simple/numpy/
WARNING: Retrying (Retry(total=4, connect=None, read=None, redirect=None, status=None)) after connection broken by 'NewConnectionError('<pip._vendor.urllib3.connection.HTTPSConnection object at 0x1530ebb81f30>: Failed to establish a new connection: [Errno 101] Network is unreachable')': /simple/pillow/
WARNING: Retrying (Retry(total=3, connect=None, read=None, redirect=None, status=None)) after connection broken by 'NewConnectionError('<pip._vendor.urllib3.connection.HTTPSConnection object at 0x1530ebb26d10>: Failed to establish a new connection: [Errno 101] Network is unreachable')': /simple/pillow/
WARNING: Retrying (Retry(total=2, connect=None, read=None, redirect=None, status=None)) after connection broken by 'NewConnectionError('<pip._vendor.urllib3.connection.HTTPSConnection object at 0x1530e8df0400>: Failed to establish a new connection: [Errno 101] Network is unreachable')': /simple/pillow/
WARNING: Retrying (Retry(total=1, connect=None, read=None, redirect=None, status=None)) after connection broken by 'NewConnectionError('<pip._vendor.urllib3.connection.HTTPSConnection object at 0x1530e8df05b0>: Failed to establish a new connection: [Errno 101] Network is unreachable')': /simple/pillow/
WARNING: Retrying (Retry(total=0, connect=None, read=None, redirect=None, status=None)) after connection broken by 'NewConnectionError('<pip._vendor.urllib3.connection.HTTPSConnection object at 0x1530e8df0760>: Failed to establish a new connection: [Errno 101] Network is unreachable')': /simple/pillow/
WARNING: Retrying (Retry(total=4, connect=None, read=None, redirect=None, status=None)) after connection broken by 'NewConnectionError('<pip._vendor.urllib3.connection.HTTPSConnection object at 0x1530e8cc0ac0>: Failed to establish a new connection: [Errno 101] Network is unreachable')': /simple/pooch/
WARNING: Retrying (Retry(total=3, connect=None, read=None, redirect=None, status=None)) after connection broken by 'NewConnectionError('<pip._vendor.urllib3.connection.HTTPSConnection object at 0x1530e8cc0f40>: Failed to establish a new connection: [Errno 101] Network is unreachable')': /simple/pooch/
WARNING: Retrying (Retry(total=2, connect=None, read=None, redirect=None, status=None)) after connection broken by 'NewConnectionError('<pip._vendor.urllib3.connection.HTTPSConnection object at 0x1530e8cc10f0>: Failed to establish a new connection: [Errno 101] Network is unreachable')': /simple/pooch/
WARNING: Retrying (Retry(total=1, connect=None, read=None, redirect=None, status=None)) after connection broken by 'NewConnectionError('<pip._vendor.urllib3.connection.HTTPSConnection object at 0x1530e8cc12a0>: Failed to establish a new connection: [Errno 101] Network is unreachable')': /simple/pooch/
WARNING: Retrying (Retry(total=0, connect=None, read=None, redirect=None, status=None)) after connection broken by 'NewConnectionError('<pip._vendor.urllib3.connection.HTTPSConnection object at 0x1530e8cc1450>: Failed to establish a new connection: [Errno 101] Network is unreachable')': /simple/pooch/
WARNING: Retrying (Retry(total=4, connect=None, read=None, redirect=None, status=None)) after connection broken by 'NewConnectionError('<pip._vendor.urllib3.connection.HTTPSConnection object at 0x1530e8cc1d80>: Failed to establish a new connection: [Errno 101] Network is unreachable')': /simple/scooby/
WARNING: Retrying (Retry(total=3, connect=None, read=None, redirect=None, status=None)) after connection broken by 'NewConnectionError('<pip._vendor.urllib3.connection.HTTPSConnection object at 0x1530e8cc2200>: Failed to establish a new connection: [Errno 101] Network is unreachable')': /simple/scooby/
WARNING: Retrying (Retry(total=2, connect=None, read=None, redirect=None, status=None)) after connection broken by 'NewConnectionError('<pip._vendor.urllib3.connection.HTTPSConnection object at 0x1530e8cc23b0>: Failed to establish a new connection: [Errno 101] Network is unreachable')': /simple/scooby/
WARNING: Retrying (Retry(total=1, connect=None, read=None, redirect=None, status=None)) after connection broken by 'NewConnectionError('<pip._vendor.urllib3.connection.HTTPSConnection object at 0x1530e8cc2560>: Failed to establish a new connection: [Errno 101] Network is unreachable')': /simple/scooby/
WARNING: Retrying (Retry(total=0, connect=None, read=None, redirect=None, status=None)) after connection broken by 'NewConnectionError('<pip._vendor.urllib3.connection.HTTPSConnection object at 0x1530e8cc2530>: Failed to establish a new connection: [Errno 101] Network is unreachable')': /simple/scooby/
WARNING: Retrying (Retry(total=4, connect=None, read=None, redirect=None, status=None)) after connection broken by 'NewConnectionError('<pip._vendor.urllib3.connection.HTTPSConnection object at 0x1530e8cc2950>: Failed to establish a new connection: [Errno 101] Network is unreachable')': /simple/vtk/
WARNING: Retrying (Retry(total=3, connect=None, read=None, redirect=None, status=None)) after connection broken by 'NewConnectionError('<pip._vendor.urllib3.connection.HTTPSConnection object at 0x1530e8cc2dd0>: Failed to establish a new connection: [Errno 101] Network is unreachable')': /simple/vtk/
WARNING: Retrying (Retry(total=2, connect=None, read=None, redirect=None, status=None)) after connection broken by 'NewConnectionError('<pip._vendor.urllib3.connection.HTTPSConnection object at 0x1530e8cc2f80>: Failed to establish a new connection: [Errno 101] Network is unreachable')': /simple/vtk/
WARNING: Retrying (Retry(total=1, connect=None, read=None, redirect=None, status=None)) after connection broken by 'NewConnectionError('<pip._vendor.urllib3.connection.HTTPSConnection object at 0x1530e8cc3130>: Failed to establish a new connection: [Errno 101] Network is unreachable')': /simple/vtk/
WARNING: Retrying (Retry(total=0, connect=None, read=None, redirect=None, status=None)) after connection broken by 'NewConnectionError('<pip._vendor.urllib3.connection.HTTPSConnection object at 0x1530e8cc32e0>: Failed to establish a new connection: [Errno 101] Network is unreachable')': /simple/vtk/
WARNING: Retrying (Retry(total=4, connect=None, read=None, redirect=None, status=None)) after connection broken by 'NewConnectionError('<pip._vendor.urllib3.connection.HTTPSConnection object at 0x1530e8cc2e90>: Failed to establish a new connection: [Errno 101] Network is unreachable')': /simple/typing-extensions/
WARNING: Retrying (Retry(total=3, connect=None, read=None, redirect=None, status=None)) after connection broken by 'NewConnectionError('<pip._vendor.urllib3.connection.HTTPSConnection object at 0x1530e8cc30a0>: Failed to establish a new connection: [Errno 101] Network is unreachable')': /simple/typing-extensions/
WARNING: Retrying (Retry(total=2, connect=None, read=None, redirect=None, status=None)) after connection broken by 'NewConnectionError('<pip._vendor.urllib3.connection.HTTPSConnection object at 0x1530e8cc2d10>: Failed to establish a new connection: [Errno 101] Network is unreachable')': /simple/typing-extensions/
WARNING: Retrying (Retry(total=1, connect=None, read=None, redirect=None, status=None)) after connection broken by 'NewConnectionError('<pip._vendor.urllib3.connection.HTTPSConnection object at 0x1530e8cc2c80>: Failed to establish a new connection: [Errno 101] Network is unreachable')': /simple/typing-extensions/
WARNING: Retrying (Retry(total=0, connect=None, read=None, redirect=None, status=None)) after connection broken by 'NewConnectionError('<pip._vendor.urllib3.connection.HTTPSConnection object at 0x1530e8cc29b0>: Failed to establish a new connection: [Errno 101] Network is unreachable')': /simple/typing-extensions/
WARNING: Retrying (Retry(total=4, connect=None, read=None, redirect=None, status=None)) after connection broken by 'NewConnectionError('<pip._vendor.urllib3.connection.HTTPSConnection object at 0x1530e47d0820>: Failed to establish a new connection: [Errno 101] Network is unreachable')': /simple/contourpy/
WARNING: Retrying (Retry(total=3, connect=None, read=None, redirect=None, status=None)) after connection broken by 'NewConnectionError('<pip._vendor.urllib3.connection.HTTPSConnection object at 0x1530e47d0ac0>: Failed to establish a new connection: [Errno 101] Network is unreachable')': /simple/contourpy/
WARNING: Retrying (Retry(total=2, connect=None, read=None, redirect=None, status=None)) after connection broken by 'NewConnectionError('<pip._vendor.urllib3.connection.HTTPSConnection object at 0x1530e47d0c70>: Failed to establish a new connection: [Errno 101] Network is unreachable')': /simple/contourpy/
WARNING: Retrying (Retry(total=1, connect=None, read=None, redirect=None, status=None)) after connection broken by 'NewConnectionError('<pip._vendor.urllib3.connection.HTTPSConnection object at 0x1530e49b3ac0>: Failed to establish a new connection: [Errno 101] Network is unreachable')': /simple/contourpy/
WARNING: Retrying (Retry(total=0, connect=None, read=None, redirect=None, status=None)) after connection broken by 'NewConnectionError('<pip._vendor.urllib3.connection.HTTPSConnection object at 0x1530e49b3b80>: Failed to establish a new connection: [Errno 101] Network is unreachable')': /simple/contourpy/
WARNING: Retrying (Retry(total=4, connect=None, read=None, redirect=None, status=None)) after connection broken by 'NewConnectionError('<pip._vendor.urllib3.connection.HTTPSConnection object at 0x1530e8cc3d00>: Failed to establish a new connection: [Errno 101] Network is unreachable')': /simple/cycler/
WARNING: Retrying (Retry(total=3, connect=None, read=None, redirect=None, status=None)) after connection broken by 'NewConnectionError('<pip._vendor.urllib3.connection.HTTPSConnection object at 0x1530e49b1990>: Failed to establish a new connection: [Errno 101] Network is unreachable')': /simple/cycler/
WARNING: Retrying (Retry(total=2, connect=None, read=None, redirect=None, status=None)) after connection broken by 'NewConnectionError('<pip._vendor.urllib3.connection.HTTPSConnection object at 0x1530e49b24a0>: Failed to establish a new connection: [Errno 101] Network is unreachable')': /simple/cycler/
WARNING: Retrying (Retry(total=1, connect=None, read=None, redirect=None, status=None)) after connection broken by 'NewConnectionError('<pip._vendor.urllib3.connection.HTTPSConnection object at 0x1530e49b2110>: Failed to establish a new connection: [Errno 101] Network is unreachable')': /simple/cycler/
WARNING: Retrying (Retry(total=0, connect=None, read=None, redirect=None, status=None)) after connection broken by 'NewConnectionError('<pip._vendor.urllib3.connection.HTTPSConnection object at 0x1530e49b3250>: Failed to establish a new connection: [Errno 101] Network is unreachable')': /simple/cycler/
WARNING: Retrying (Retry(total=4, connect=None, read=None, redirect=None, status=None)) after connection broken by 'NewConnectionError('<pip._vendor.urllib3.connection.HTTPSConnection object at 0x1530e47d0df0>: Failed to establish a new connection: [Errno 101] Network is unreachable')': /simple/fonttools/
WARNING: Retrying (Retry(total=3, connect=None, read=None, redirect=None, status=None)) after connection broken by 'NewConnectionError('<pip._vendor.urllib3.connection.HTTPSConnection object at 0x1530e47d0ca0>: Failed to establish a new connection: [Errno 101] Network is unreachable')': /simple/fonttools/
WARNING: Retrying (Retry(total=2, connect=None, read=None, redirect=None, status=None)) after connection broken by 'NewConnectionError('<pip._vendor.urllib3.connection.HTTPSConnection object at 0x1530e47d0550>: Failed to establish a new connection: [Errno 101] Network is unreachable')': /simple/fonttools/
WARNING: Retrying (Retry(total=1, connect=None, read=None, redirect=None, status=None)) after connection broken by 'NewConnectionError('<pip._vendor.urllib3.connection.HTTPSConnection object at 0x1530e47d0dc0>: Failed to establish a new connection: [Errno 101] Network is unreachable')': /simple/fonttools/
WARNING: Retrying (Retry(total=0, connect=None, read=None, redirect=None, status=None)) after connection broken by 'NewConnectionError('<pip._vendor.urllib3.connection.HTTPSConnection object at 0x1530e49b1ba0>: Failed to establish a new connection: [Errno 101] Network is unreachable')': /simple/fonttools/
WARNING: Retrying (Retry(total=4, connect=None, read=None, redirect=None, status=None)) after connection broken by 'NewConnectionError('<pip._vendor.urllib3.connection.HTTPSConnection object at 0x1530e47d39a0>: Failed to establish a new connection: [Errno 101] Network is unreachable')': /simple/kiwisolver/
WARNING: Retrying (Retry(total=3, connect=None, read=None, redirect=None, status=None)) after connection broken by 'NewConnectionError('<pip._vendor.urllib3.connection.HTTPSConnection object at 0x1530e47d3c40>: Failed to establish a new connection: [Errno 101] Network is unreachable')': /simple/kiwisolver/
WARNING: Retrying (Retry(total=2, connect=None, read=None, redirect=None, status=None)) after connection broken by 'NewConnectionError('<pip._vendor.urllib3.connection.HTTPSConnection object at 0x1530e47d3df0>: Failed to establish a new connection: [Errno 101] Network is unreachable')': /simple/kiwisolver/
WARNING: Retrying (Retry(total=1, connect=None, read=None, redirect=None, status=None)) after connection broken by 'NewConnectionError('<pip._vendor.urllib3.connection.HTTPSConnection object at 0x1530e47d31f0>: Failed to establish a new connection: [Errno 101] Network is unreachable')': /simple/kiwisolver/
WARNING: Retrying (Retry(total=0, connect=None, read=None, redirect=None, status=None)) after connection broken by 'NewConnectionError('<pip._vendor.urllib3.connection.HTTPSConnection object at 0x1530e47d2ec0>: Failed to establish a new connection: [Errno 101] Network is unreachable')': /simple/kiwisolver/
WARNING: Retrying (Retry(total=4, connect=None, read=None, redirect=None, status=None)) after connection broken by 'NewConnectionError('<pip._vendor.urllib3.connection.HTTPSConnection object at 0x1530e47d3850>: Failed to establish a new connection: [Errno 101] Network is unreachable')': /simple/packaging/
WARNING: Retrying (Retry(total=3, connect=None, read=None, redirect=None, status=None)) after connection broken by 'NewConnectionError('<pip._vendor.urllib3.connection.HTTPSConnection object at 0x1530e47d0940>: Failed to establish a new connection: [Errno 101] Network is unreachable')': /simple/packaging/
WARNING: Retrying (Retry(total=2, connect=None, read=None, redirect=None, status=None)) after connection broken by 'NewConnectionError('<pip._vendor.urllib3.connection.HTTPSConnection object at 0x1530e47d3dc0>: Failed to establish a new connection: [Errno 101] Network is unreachable')': /simple/packaging/
WARNING: Retrying (Retry(total=1, connect=None, read=None, redirect=None, status=None)) after connection broken by 'NewConnectionError('<pip._vendor.urllib3.connection.HTTPSConnection object at 0x1530e47d3be0>: Failed to establish a new connection: [Errno 101] Network is unreachable')': /simple/packaging/
WARNING: Retrying (Retry(total=0, connect=None, read=None, redirect=None, status=None)) after connection broken by 'NewConnectionError('<pip._vendor.urllib3.connection.HTTPSConnection object at 0x1530e47d3c10>: Failed to establish a new connection: [Errno 101] Network is unreachable')': /simple/packaging/
WARNING: Retrying (Retry(total=4, connect=None, read=None, redirect=None, status=None)) after connection broken by 'NewConnectionError('<pip._vendor.urllib3.connection.HTTPSConnection object at 0x1530dfb91ba0>: Failed to establish a new connection: [Errno 101] Network is unreachable')': /simple/pyparsing/
WARNING: Retrying (Retry(total=3, connect=None, read=None, redirect=None, status=None)) after connection broken by 'NewConnectionError('<pip._vendor.urllib3.connection.HTTPSConnection object at 0x1530dfb91e40>: Failed to establish a new connection: [Errno 101] Network is unreachable')': /simple/pyparsing/
WARNING: Retrying (Retry(total=2, connect=None, read=None, redirect=None, status=None)) after connection broken by 'NewConnectionError('<pip._vendor.urllib3.connection.HTTPSConnection object at 0x1530dfb91ff0>: Failed to establish a new connection: [Errno 101] Network is unreachable')': /simple/pyparsing/
WARNING: Retrying (Retry(total=1, connect=None, read=None, redirect=None, status=None)) after connection broken by 'NewConnectionError('<pip._vendor.urllib3.connection.HTTPSConnection object at 0x1530dfb921a0>: Failed to establish a new connection: [Errno 101] Network is unreachable')': /simple/pyparsing/
WARNING: Retrying (Retry(total=0, connect=None, read=None, redirect=None, status=None)) after connection broken by 'NewConnectionError('<pip._vendor.urllib3.connection.HTTPSConnection object at 0x1530dfb92350>: Failed to establish a new connection: [Errno 101] Network is unreachable')': /simple/pyparsing/
WARNING: Retrying (Retry(total=4, connect=None, read=None, redirect=None, status=None)) after connection broken by 'NewConnectionError('<pip._vendor.urllib3.connection.HTTPSConnection object at 0x1530ded943d0>: Failed to establish a new connection: [Errno 101] Network is unreachable')': /simple/python-dateutil/
WARNING: Retrying (Retry(total=3, connect=None, read=None, redirect=None, status=None)) after connection broken by 'NewConnectionError('<pip._vendor.urllib3.connection.HTTPSConnection object at 0x1530ded94670>: Failed to establish a new connection: [Errno 101] Network is unreachable')': /simple/python-dateutil/
WARNING: Retrying (Retry(total=2, connect=None, read=None, redirect=None, status=None)) after connection broken by 'NewConnectionError('<pip._vendor.urllib3.connection.HTTPSConnection object at 0x1530ded94820>: Failed to establish a new connection: [Errno 101] Network is unreachable')': /simple/python-dateutil/
WARNING: Retrying (Retry(total=1, connect=None, read=None, redirect=None, status=None)) after connection broken by 'NewConnectionError('<pip._vendor.urllib3.connection.HTTPSConnection object at 0x1530ded949d0>: Failed to establish a new connection: [Errno 101] Network is unreachable')': /simple/python-dateutil/
WARNING: Retrying (Retry(total=0, connect=None, read=None, redirect=None, status=None)) after connection broken by 'NewConnectionError('<pip._vendor.urllib3.connection.HTTPSConnection object at 0x1530ded94b80>: Failed to establish a new connection: [Errno 101] Network is unreachable')': /simple/python-dateutil/
WARNING: Retrying (Retry(total=4, connect=None, read=None, redirect=None, status=None)) after connection broken by 'NewConnectionError('<pip._vendor.urllib3.connection.HTTPSConnection object at 0x1530ddfabac0>: Failed to establish a new connection: [Errno 101] Network is unreachable')': /simple/platformdirs/
WARNING: Retrying (Retry(total=3, connect=None, read=None, redirect=None, status=None)) after connection broken by 'NewConnectionError('<pip._vendor.urllib3.connection.HTTPSConnection object at 0x1530ddfabd60>: Failed to establish a new connection: [Errno 101] Network is unreachable')': /simple/platformdirs/
WARNING: Retrying (Retry(total=2, connect=None, read=None, redirect=None, status=None)) after connection broken by 'NewConnectionError('<pip._vendor.urllib3.connection.HTTPSConnection object at 0x1530ddfabf40>: Failed to establish a new connection: [Errno 101] Network is unreachable')': /simple/platformdirs/
WARNING: Retrying (Retry(total=1, connect=None, read=None, redirect=None, status=None)) after connection broken by 'NewConnectionError('<pip._vendor.urllib3.connection.HTTPSConnection object at 0x1530ddfc4040>: Failed to establish a new connection: [Errno 101] Network is unreachable')': /simple/platformdirs/
WARNING: Retrying (Retry(total=0, connect=None, read=None, redirect=None, status=None)) after connection broken by 'NewConnectionError('<pip._vendor.urllib3.connection.HTTPSConnection object at 0x1530ddfc42b0>: Failed to establish a new connection: [Errno 101] Network is unreachable')': /simple/platformdirs/
WARNING: Retrying (Retry(total=4, connect=None, read=None, redirect=None, status=None)) after connection broken by 'NewConnectionError('<pip._vendor.urllib3.connection.HTTPSConnection object at 0x1530dd1a4310>: Failed to establish a new connection: [Errno 101] Network is unreachable')': /simple/requests/
WARNING: Retrying (Retry(total=3, connect=None, read=None, redirect=None, status=None)) after connection broken by 'NewConnectionError('<pip._vendor.urllib3.connection.HTTPSConnection object at 0x1530dd1a4cd0>: Failed to establish a new connection: [Errno 101] Network is unreachable')': /simple/requests/
WARNING: Retrying (Retry(total=2, connect=None, read=None, redirect=None, status=None)) after connection broken by 'NewConnectionError('<pip._vendor.urllib3.connection.HTTPSConnection object at 0x1530dd1a4e20>: Failed to establish a new connection: [Errno 101] Network is unreachable')': /simple/requests/
WARNING: Retrying (Retry(total=1, connect=None, read=None, redirect=None, status=None)) after connection broken by 'NewConnectionError('<pip._vendor.urllib3.connection.HTTPSConnection object at 0x1530dd1a4fd0>: Failed to establish a new connection: [Errno 101] Network is unreachable')': /simple/requests/
WARNING: Retrying (Retry(total=0, connect=None, read=None, redirect=None, status=None)) after connection broken by 'NewConnectionError('<pip._vendor.urllib3.connection.HTTPSConnection object at 0x1530dd1a5180>: Failed to establish a new connection: [Errno 101] Network is unreachable')': /simple/requests/
WARNING: Retrying (Retry(total=4, connect=None, read=None, redirect=None, status=None)) after connection broken by 'NewConnectionError('<pip._vendor.urllib3.connection.HTTPSConnection object at 0x1530dc1f6530>: Failed to establish a new connection: [Errno 101] Network is unreachable')': /simple/six/
WARNING: Retrying (Retry(total=3, connect=None, read=None, redirect=None, status=None)) after connection broken by 'NewConnectionError('<pip._vendor.urllib3.connection.HTTPSConnection object at 0x1530dc1f6980>: Failed to establish a new connection: [Errno 101] Network is unreachable')': /simple/six/
WARNING: Retrying (Retry(total=2, connect=None, read=None, redirect=None, status=None)) after connection broken by 'NewConnectionError('<pip._vendor.urllib3.connection.HTTPSConnection object at 0x1530dc1f6b30>: Failed to establish a new connection: [Errno 101] Network is unreachable')': /simple/six/
WARNING: Retrying (Retry(total=1, connect=None, read=None, redirect=None, status=None)) after connection broken by 'NewConnectionError('<pip._vendor.urllib3.connection.HTTPSConnection object at 0x1530dc1f6ce0>: Failed to establish a new connection: [Errno 101] Network is unreachable')': /simple/six/
WARNING: Retrying (Retry(total=0, connect=None, read=None, redirect=None, status=None)) after connection broken by 'NewConnectionError('<pip._vendor.urllib3.connection.HTTPSConnection object at 0x1530dc1f6e90>: Failed to establish a new connection: [Errno 101] Network is unreachable')': /simple/six/
WARNING: Retrying (Retry(total=4, connect=None, read=None, redirect=None, status=None)) after connection broken by 'NewConnectionError('<pip._vendor.urllib3.connection.HTTPSConnection object at 0x1530dc0b06d0>: Failed to establish a new connection: [Errno 101] Network is unreachable')': /simple/charset-normalizer/
WARNING: Retrying (Retry(total=3, connect=None, read=None, redirect=None, status=None)) after connection broken by 'NewConnectionError('<pip._vendor.urllib3.connection.HTTPSConnection object at 0x1530dc0b0940>: Failed to establish a new connection: [Errno 101] Network is unreachable')': /simple/charset-normalizer/
WARNING: Retrying (Retry(total=2, connect=None, read=None, redirect=None, status=None)) after connection broken by 'NewConnectionError('<pip._vendor.urllib3.connection.HTTPSConnection object at 0x1530dc0b0af0>: Failed to establish a new connection: [Errno 101] Network is unreachable')': /simple/charset-normalizer/
WARNING: Retrying (Retry(total=1, connect=None, read=None, redirect=None, status=None)) after connection broken by 'NewConnectionError('<pip._vendor.urllib3.connection.HTTPSConnection object at 0x1530dc0b0ca0>: Failed to establish a new connection: [Errno 101] Network is unreachable')': /simple/charset-normalizer/
WARNING: Retrying (Retry(total=0, connect=None, read=None, redirect=None, status=None)) after connection broken by 'NewConnectionError('<pip._vendor.urllib3.connection.HTTPSConnection object at 0x1530dc0b0e50>: Failed to establish a new connection: [Errno 101] Network is unreachable')': /simple/charset-normalizer/
WARNING: Retrying (Retry(total=4, connect=None, read=None, redirect=None, status=None)) after connection broken by 'NewConnectionError('<pip._vendor.urllib3.connection.HTTPSConnection object at 0x1530dc3c0430>: Failed to establish a new connection: [Errno 101] Network is unreachable')': /simple/idna/
WARNING: Retrying (Retry(total=3, connect=None, read=None, redirect=None, status=None)) after connection broken by 'NewConnectionError('<pip._vendor.urllib3.connection.HTTPSConnection object at 0x1530dc1da7a0>: Failed to establish a new connection: [Errno 101] Network is unreachable')': /simple/idna/
WARNING: Retrying (Retry(total=2, connect=None, read=None, redirect=None, status=None)) after connection broken by 'NewConnectionError('<pip._vendor.urllib3.connection.HTTPSConnection object at 0x1530dc1d8b50>: Failed to establish a new connection: [Errno 101] Network is unreachable')': /simple/idna/
WARNING: Retrying (Retry(total=1, connect=None, read=None, redirect=None, status=None)) after connection broken by 'NewConnectionError('<pip._vendor.urllib3.connection.HTTPSConnection object at 0x1530dc3c1870>: Failed to establish a new connection: [Errno 101] Network is unreachable')': /simple/idna/
WARNING: Retrying (Retry(total=0, connect=None, read=None, redirect=None, status=None)) after connection broken by 'NewConnectionError('<pip._vendor.urllib3.connection.HTTPSConnection object at 0x1530dc3c0c10>: Failed to establish a new connection: [Errno 101] Network is unreachable')': /simple/idna/
WARNING: Retrying (Retry(total=4, connect=None, read=None, redirect=None, status=None)) after connection broken by 'NewConnectionError('<pip._vendor.urllib3.connection.HTTPSConnection object at 0x1530dfb901f0>: Failed to establish a new connection: [Errno 101] Network is unreachable')': /simple/urllib3/
WARNING: Retrying (Retry(total=3, connect=None, read=None, redirect=None, status=None)) after connection broken by 'NewConnectionError('<pip._vendor.urllib3.connection.HTTPSConnection object at 0x1530dfb90d60>: Failed to establish a new connection: [Errno 101] Network is unreachable')': /simple/urllib3/
WARNING: Retrying (Retry(total=2, connect=None, read=None, redirect=None, status=None)) after connection broken by 'NewConnectionError('<pip._vendor.urllib3.connection.HTTPSConnection object at 0x1530ddf88d60>: Failed to establish a new connection: [Errno 101] Network is unreachable')': /simple/urllib3/
WARNING: Retrying (Retry(total=1, connect=None, read=None, redirect=None, status=None)) after connection broken by 'NewConnectionError('<pip._vendor.urllib3.connection.HTTPSConnection object at 0x1530ddf8bd60>: Failed to establish a new connection: [Errno 101] Network is unreachable')': /simple/urllib3/
WARNING: Retrying (Retry(total=0, connect=None, read=None, redirect=None, status=None)) after connection broken by 'NewConnectionError('<pip._vendor.urllib3.connection.HTTPSConnection object at 0x1530dc3c2f50>: Failed to establish a new connection: [Errno 101] Network is unreachable')': /simple/urllib3/
WARNING: Retrying (Retry(total=4, connect=None, read=None, redirect=None, status=None)) after connection broken by 'NewConnectionError('<pip._vendor.urllib3.connection.HTTPSConnection object at 0x1530dc0b3b80>: Failed to establish a new connection: [Errno 101] Network is unreachable')': /simple/certifi/
WARNING: Retrying (Retry(total=3, connect=None, read=None, redirect=None, status=None)) after connection broken by 'NewConnectionError('<pip._vendor.urllib3.connection.HTTPSConnection object at 0x1530dc0b3e20>: Failed to establish a new connection: [Errno 101] Network is unreachable')': /simple/certifi/
WARNING: Retrying (Retry(total=2, connect=None, read=None, redirect=None, status=None)) after connection broken by 'NewConnectionError('<pip._vendor.urllib3.connection.HTTPSConnection object at 0x1530dc0b3fd0>: Failed to establish a new connection: [Errno 101] Network is unreachable')': /simple/certifi/
WARNING: Retrying (Retry(total=1, connect=None, read=None, redirect=None, status=None)) after connection broken by 'NewConnectionError('<pip._vendor.urllib3.connection.HTTPSConnection object at 0x1530d83b41f0>: Failed to establish a new connection: [Errno 101] Network is unreachable')': /simple/certifi/
WARNING: Retrying (Retry(total=0, connect=None, read=None, redirect=None, status=None)) after connection broken by 'NewConnectionError('<pip._vendor.urllib3.connection.HTTPSConnection object at 0x1530dc0b3190>: Failed to establish a new connection: [Errno 101] Network is unreachable')': /simple/certifi/
ERROR: pip's dependency resolver does not currently take into account all the packages that are installed. This behaviour is the source of the following dependency conflicts.
blosc2 2.2.9 requires msgpack, which is not installed.
scipy 1.11.2+computecanada requires numpy<1.28.0,>=1.21.6, but you have numpy 2.2.2+computecanada which is incompatible.
Traceback (most recent call last):
  File "/lustre09/project/6003252/htruchla/physicsnemo/examples/cfd/external_aerodynamics/xaeronet/surface_rorqual/preprocessor_rorqual.py", line 41, in <module>
    from sklearn.neighbors import NearestNeighbors
ModuleNotFoundError: No module named 'sklearn'
