 ***********Loading modules************** 
 ***********Loading StdEnv/2023 at time Fri 20 Feb 2026 11:15:41 AM EST************** 
 ***********Loading python/3.11.5 at time Fri 20 Feb 2026 11:15:42 AM EST************** 
 ***********Loading cuda/12.6 at time Fri 20 Feb 2026 11:15:42 AM EST************** 
 ***********Loading vtk/9.3.0 at time Fri 20 Feb 2026 11:15:42 AM EST************** 
 ********Modules loaded exporting cuda directory  ********
 **************Setting path for env ***************
****************Installing pyvista *********************
Looking in links: /cvmfs/soft.computecanada.ca/custom/python/wheelhouse/gentoo2023/x86-64-v4, /cvmfs/soft.computecanada.ca/custom/python/wheelhouse/gentoo2023/x86-64-v3, /cvmfs/soft.computecanada.ca/custom/python/wheelhouse/gentoo2023/generic, /cvmfs/soft.computecanada.ca/custom/python/wheelhouse/generic
Processing /cvmfs/soft.computecanada.ca/custom/python/wheelhouse/generic/fonttools-4.56.0+computecanada-cp310-cp310-linux_x86_64.whl (from matplotlib>=3.0.1->pyvista)
Processing /cvmfs/soft.computecanada.ca/custom/python/wheelhouse/generic/pyvista-0.44.2+computecanada-py3-none-any.whl
Processing /cvmfs/soft.computecanada.ca/custom/python/wheelhouse/gentoo2023/x86-64-v3/kiwisolver-1.4.8+computecanada-cp310-cp310-linux_x86_64.whl (from matplotlib>=3.0.1->pyvista)
Processing /cvmfs/soft.computecanada.ca/custom/python/wheelhouse/gentoo2023/x86-64-v3/matplotlib-3.10.0+computecanada-cp310-cp310-linux_x86_64.whl (from pyvista)
Processing /cvmfs/soft.computecanada.ca/custom/python/wheelhouse/generic/packaging-26.0+computecanada-py3-none-any.whl (from matplotlib>=3.0.1->pyvista)
Processing /cvmfs/soft.computecanada.ca/custom/python/wheelhouse/gentoo2023/generic/numpy-2.2.2+computecanada-cp310-cp310-linux_x86_64.whl (from pyvista)
Processing /cvmfs/soft.computecanada.ca/custom/python/wheelhouse/generic/pyparsing-3.3.2+computecanada-py3-none-any.whl (from matplotlib>=3.0.1->pyvista)
Processing /cvmfs/soft.computecanada.ca/custom/python/wheelhouse/gentoo2023/x86-64-v3/pillow-11.1.0+computecanada-cp310-cp310-linux_x86_64.whl (from pyvista)
Processing /cvmfs/soft.computecanada.ca/custom/python/wheelhouse/generic/python_dateutil-2.9.0.post0+computecanada-py2.py3-none-any.whl (from matplotlib>=3.0.1->pyvista)
Processing /cvmfs/soft.computecanada.ca/custom/python/wheelhouse/generic/pooch-1.9.0+computecanada-py3-none-any.whl (from pyvista)
Processing /cvmfs/soft.computecanada.ca/custom/python/wheelhouse/generic/platformdirs-4.5.1+computecanada-py3-none-any.whl (from pooch->pyvista)
Processing /cvmfs/soft.computecanada.ca/custom/python/wheelhouse/generic/scooby-0.11.0+computecanada-py3-none-any.whl (from pyvista)
Processing /cvmfs/soft.computecanada.ca/custom/python/wheelhouse/generic/requests-2.32.5+computecanada-py3-none-any.whl (from pooch->pyvista)
Processing /cvmfs/soft.computecanada.ca/custom/python/wheelhouse/generic/vtk-9.2.5+computecanada-cp310-cp310-linux_x86_64.whl (from pyvista)
Processing /cvmfs/soft.computecanada.ca/custom/python/wheelhouse/generic/six-1.17.0+computecanada-py2.py3-none-any.whl (from python-dateutil>=2.7->matplotlib>=3.0.1->pyvista)
Processing /cvmfs/soft.computecanada.ca/custom/python/wheelhouse/generic/typing_extensions-4.15.0+computecanada-py3-none-any.whl (from pyvista)
Processing /cvmfs/soft.computecanada.ca/custom/python/wheelhouse/generic/charset_normalizer-3.4.4+computecanada-py3-none-any.whl (from requests>=2.19.0->pooch->pyvista)
Processing /cvmfs/soft.computecanada.ca/custom/python/wheelhouse/gentoo2023/generic/contourpy-1.3.1+computecanada-cp310-cp310-linux_x86_64.whl (from matplotlib>=3.0.1->pyvista)
Processing /cvmfs/soft.computecanada.ca/custom/python/wheelhouse/generic/idna-3.11+computecanada-py3-none-any.whl (from requests>=2.19.0->pooch->pyvista)
Processing /cvmfs/soft.computecanada.ca/custom/python/wheelhouse/generic/cycler-0.12.1+computecanada-py3-none-any.whl (from matplotlib>=3.0.1->pyvista)
Processing /cvmfs/soft.computecanada.ca/custom/python/wheelhouse/generic/urllib3-2.6.3+computecanada-py3-none-any.whl (from requests>=2.19.0->pooch->pyvista)
Processing /cvmfs/soft.computecanada.ca/custom/python/wheelhouse/generic/fonttools-4.56.0+computecanada-cp310-cp310-linux_x86_64.whl (from matplotlib>=3.0.1->pyvista)
Processing /cvmfs/soft.computecanada.ca/custom/python/wheelhouse/generic/certifi-2026.1.4+computecanada-py3-none-any.whl (from requests>=2.19.0->pooch->pyvista)
Installing collected packages: urllib3, typing-extensions, six, scooby, pyparsing, platformdirs, pillow, packaging, numpy, kiwisolver, idna, fonttools, cycler, charset-normalizer, certifi, requests, python-dateutil, contourpy, pooch, matplotlib, vtk, pyvista
  Attempting uninstall: urllib3
    Found existing installation: urllib3 2.6.3+computecanada
    Uninstalling urllib3-2.6.3+computecanada:
      Successfully uninstalled urllib3-2.6.3+computecanada
  Attempting uninstall: typing-extensions
    Found existing installation: typing_extensions 4.15.0+computecanada
    Uninstalling typing_extensions-4.15.0+computecanada:
      Successfully uninstalled typing_extensions-4.15.0+computecanada
  Attempting uninstall: six
    Found existing installation: six 1.17.0+computecanada
    Uninstalling six-1.17.0+computecanada:
      Successfully uninstalled six-1.17.0+computecanada
  Attempting uninstall: scooby
    Found existing installation: scooby 0.11.0+computecanada
    Uninstalling scooby-0.11.0+computecanada:
      Successfully uninstalled scooby-0.11.0+computecanada
  Attempting uninstall: pyparsing
    Found existing installation: pyparsing 3.3.2+computecanada
    Uninstalling pyparsing-3.3.2+computecanada:
      Successfully uninstalled pyparsing-3.3.2+computecanada
  Attempting uninstall: platformdirs
    Found existing installation: platformdirs 4.5.1+computecanada
    Uninstalling platformdirs-4.5.1+computecanada:
      Successfully uninstalled platformdirs-4.5.1+computecanada
  Attempting uninstall: pillow
    Found existing installation: pillow 11.1.0+computecanada
    Uninstalling pillow-11.1.0+computecanada:
      Successfully uninstalled pillow-11.1.0+computecanada
  Attempting uninstall: packaging
    Found existing installation: packaging 26.0+computecanada
    Uninstalling packaging-26.0+computecanada:
      Successfully uninstalled packaging-26.0+computecanada
  Attempting uninstall: numpy
    Found existing installation: numpy 2.2.2+computecanada
    Uninstalling numpy-2.2.2+computecanada:
      Successfully uninstalled numpy-2.2.2+computecanada
  Attempting uninstall: kiwisolver
    Found existing installation: kiwisolver 1.4.8+computecanada
    Uninstalling kiwisolver-1.4.8+computecanada:
      Successfully uninstalled kiwisolver-1.4.8+computecanada
  Attempting uninstall: idna
    Found existing installation: idna 3.11+computecanada
    Uninstalling idna-3.11+computecanada:
      Successfully uninstalled idna-3.11+computecanada
  Attempting uninstall: fonttools
    Found existing installation: fonttools 4.56.0+computecanada
    Uninstalling fonttools-4.56.0+computecanada:
      Successfully uninstalled fonttools-4.56.0+computecanada
  Attempting uninstall: cycler
    Found existing installation: cycler 0.12.1+computecanada
    Uninstalling cycler-0.12.1+computecanada:
      Successfully uninstalled cycler-0.12.1+computecanada
  Attempting uninstall: charset-normalizer
    Found existing installation: charset_normalizer 3.4.4+computecanada
    Uninstalling charset_normalizer-3.4.4+computecanada:
      Successfully uninstalled charset_normalizer-3.4.4+computecanada
  Attempting uninstall: certifi
    Found existing installation: certifi 2026.1.4+computecanada
    Uninstalling certifi-2026.1.4+computecanada:
      Successfully uninstalled certifi-2026.1.4+computecanada
  Attempting uninstall: requests
    Found existing installation: requests 2.32.5+computecanada
    Uninstalling requests-2.32.5+computecanada:
      Successfully uninstalled requests-2.32.5+computecanada
  Attempting uninstall: python-dateutil
    Found existing installation: python_dateutil 2.9.0.post0+computecanada
    Uninstalling python_dateutil-2.9.0.post0+computecanada:
      Successfully uninstalled python_dateutil-2.9.0.post0+computecanada
  Attempting uninstall: contourpy
    Found existing installation: contourpy 1.3.1+computecanada
    Uninstalling contourpy-1.3.1+computecanada:
      Successfully uninstalled contourpy-1.3.1+computecanada
  Attempting uninstall: pooch
    Found existing installation: pooch 1.9.0+computecanada
    Uninstalling pooch-1.9.0+computecanada:
      Successfully uninstalled pooch-1.9.0+computecanada
  Attempting uninstall: matplotlib
    Found existing installation: matplotlib 3.10.0+computecanada
    Uninstalling matplotlib-3.10.0+computecanada:
      Successfully uninstalled matplotlib-3.10.0+computecanada
  Attempting uninstall: vtk
    Found existing installation: vtk 9.2.5+computecanada
    Uninstalling vtk-9.2.5+computecanada:
      Successfully uninstalled vtk-9.2.5+computecanada
  Attempting uninstall: pyvista
    Found existing installation: pyvista 0.44.2+computecanada
    Uninstalling pyvista-0.44.2+computecanada:
      Successfully uninstalled pyvista-0.44.2+computecanada
Successfully installed certifi-2026.1.4+computecanada charset-normalizer-3.4.4+computecanada contourpy-1.3.1+computecanada cycler-0.12.1+computecanada fonttools-4.56.0+computecanada idna-3.11+computecanada kiwisolver-1.4.8+computecanada matplotlib-3.10.0+computecanada numpy-2.2.2+computecanada packaging-26.0+computecanada pillow-11.1.0+computecanada platformdirs-4.5.1+computecanada pooch-1.9.0+computecanada pyparsing-3.3.2+computecanada python-dateutil-2.9.0.post0+computecanada pyvista-0.44.2+computecanada requests-2.32.5+computecanada scooby-0.11.0+computecanada six-1.17.0+computecanada typing-extensions-4.15.0+computecanada urllib3-2.6.3+computecanada vtk-9.2.5+computecanada
=== [Fri 20 Feb 2026 12:27:30 PM EST] Preprocessing started on rc31728 ===
=== [Fri 20 Feb 2026 12:27:37 PM EST] Preprocessing finished with exit code 1 ===
Processing /cvmfs/soft.computecanada.ca/custom/python/wheelhouse/gentoo2023/x86-64-v3/kiwisolver-1.4.8+computecanada-cp310-cp310-linux_x86_64.whl (from matplotlib>=3.0.1->pyvista)
Processing /cvmfs/soft.computecanada.ca/custom/python/wheelhouse/generic/packaging-26.0+computecanada-py3-none-any.whl (from matplotlib>=3.0.1->pyvista)
Processing /cvmfs/soft.computecanada.ca/custom/python/wheelhouse/generic/pyparsing-3.3.2+computecanada-py3-none-any.whl (from matplotlib>=3.0.1->pyvista)
Processing /cvmfs/soft.computecanada.ca/custom/python/wheelhouse/generic/python_dateutil-2.9.0.post0+computecanada-py2.py3-none-any.whl (from matplotlib>=3.0.1->pyvista)
Processing /cvmfs/soft.computecanada.ca/custom/python/wheelhouse/generic/platformdirs-4.5.1+computecanada-py3-none-any.whl (from pooch->pyvista)
Processing /cvmfs/soft.computecanada.ca/custom/python/wheelhouse/generic/requests-2.32.5+computecanada-py3-none-any.whl (from pooch->pyvista)
Processing /cvmfs/soft.computecanada.ca/custom/python/wheelhouse/generic/six-1.17.0+computecanada-py2.py3-none-any.whl (from python-dateutil>=2.7->matplotlib>=3.0.1->pyvista)
Processing /cvmfs/soft.computecanada.ca/custom/python/wheelhouse/generic/charset_normalizer-3.4.4+computecanada-py3-none-any.whl (from requests>=2.19.0->pooch->pyvista)
Processing /cvmfs/soft.computecanada.ca/custom/python/wheelhouse/generic/idna-3.11+computecanada-py3-none-any.whl (from requests>=2.19.0->pooch->pyvista)
Processing /cvmfs/soft.computecanada.ca/custom/python/wheelhouse/generic/urllib3-2.6.3+computecanada-py3-none-any.whl (from requests>=2.19.0->pooch->pyvista)
Processing /cvmfs/soft.computecanada.ca/custom/python/wheelhouse/generic/certifi-2026.1.4+computecanada-py3-none-any.whl (from requests>=2.19.0->pooch->pyvista)
Installing collected packages: urllib3, typing-extensions, six, scooby, pyparsing, platformdirs, pillow, packaging, numpy, kiwisolver, idna, fonttools, cycler, charset-normalizer, certifi, requests, python-dateutil, contourpy, pooch, matplotlib, vtk, pyvista
  Attempting uninstall: urllib3
    Found existing installation: urllib3 2.6.3+computecanada
    Uninstalling urllib3-2.6.3+computecanada:
      Successfully uninstalled urllib3-2.6.3+computecanada
  Attempting uninstall: typing-extensions
    Found existing installation: typing_extensions 4.15.0+computecanada
    Uninstalling typing_extensions-4.15.0+computecanada:
      Successfully uninstalled typing_extensions-4.15.0+computecanada
  Attempting uninstall: six
    Found existing installation: six 1.17.0+computecanada
    Uninstalling six-1.17.0+computecanada:
      Successfully uninstalled six-1.17.0+computecanada
  Attempting uninstall: scooby
    Found existing installation: scooby 0.11.0+computecanada
    Uninstalling scooby-0.11.0+computecanada:
      Successfully uninstalled scooby-0.11.0+computecanada
  Attempting uninstall: pyparsing
    Found existing installation: pyparsing 3.3.2+computecanada
    Uninstalling pyparsing-3.3.2+computecanada:
      Successfully uninstalled pyparsing-3.3.2+computecanada
  Attempting uninstall: platformdirs
    Found existing installation: platformdirs 4.5.1+computecanada
    Uninstalling platformdirs-4.5.1+computecanada:
      Successfully uninstalled platformdirs-4.5.1+computecanada
  Attempting uninstall: pillow
    Found existing installation: pillow 11.1.0+computecanada
    Uninstalling pillow-11.1.0+computecanada:
      Successfully uninstalled pillow-11.1.0+computecanada
  Attempting uninstall: packaging
    Found existing installation: packaging 26.0+computecanada
    Uninstalling packaging-26.0+computecanada:
      Successfully uninstalled packaging-26.0+computecanada
  Attempting uninstall: numpy
    Found existing installation: numpy 2.2.2+computecanada
    Uninstalling numpy-2.2.2+computecanada:
      Successfully uninstalled numpy-2.2.2+computecanada
  Attempting uninstall: kiwisolver
    Found existing installation: kiwisolver 1.4.8+computecanada
    Uninstalling kiwisolver-1.4.8+computecanada:
      Successfully uninstalled kiwisolver-1.4.8+computecanada
  Attempting uninstall: idna
    Found existing installation: idna 3.11+computecanada
    Uninstalling idna-3.11+computecanada:
      Successfully uninstalled idna-3.11+computecanada
  Attempting uninstall: fonttools
    Found existing installation: fonttools 4.56.0+computecanada
    Uninstalling fonttools-4.56.0+computecanada:
      Successfully uninstalled fonttools-4.56.0+computecanada
  Attempting uninstall: cycler
    Found existing installation: cycler 0.12.1+computecanada
    Uninstalling cycler-0.12.1+computecanada:
      Successfully uninstalled cycler-0.12.1+computecanada
  Attempting uninstall: charset-normalizer
    Found existing installation: charset_normalizer 3.4.4+computecanada
    Uninstalling charset_normalizer-3.4.4+computecanada:
      Successfully uninstalled charset_normalizer-3.4.4+computecanada
  Attempting uninstall: certifi
    Found existing installation: certifi 2026.1.4+computecanada
    Uninstalling certifi-2026.1.4+computecanada:
      Successfully uninstalled certifi-2026.1.4+computecanada
  Attempting uninstall: requests
    Found existing installation: requests 2.32.5+computecanada
    Uninstalling requests-2.32.5+computecanada:
      Successfully uninstalled requests-2.32.5+computecanada
  Attempting uninstall: python-dateutil
    Found existing installation: python_dateutil 2.9.0.post0+computecanada
    Uninstalling python_dateutil-2.9.0.post0+computecanada:
      Successfully uninstalled python_dateutil-2.9.0.post0+computecanada
  Attempting uninstall: contourpy
    Found existing installation: contourpy 1.3.1+computecanada
    Uninstalling contourpy-1.3.1+computecanada:
      Successfully uninstalled contourpy-1.3.1+computecanada
  Attempting uninstall: pooch
    Found existing installation: pooch 1.9.0+computecanada
    Uninstalling pooch-1.9.0+computecanada:
      Successfully uninstalled pooch-1.9.0+computecanada
  Attempting uninstall: matplotlib
    Found existing installation: matplotlib 3.10.0+computecanada
    Uninstalling matplotlib-3.10.0+computecanada:
      Successfully uninstalled matplotlib-3.10.0+computecanada
  Attempting uninstall: vtk
    Found existing installation: vtk 9.2.5+computecanada
    Uninstalling vtk-9.2.5+computecanada:
      Successfully uninstalled vtk-9.2.5+computecanada
  Attempting uninstall: pyvista
    Found existing installation: pyvista 0.44.2+computecanada
    Uninstalling pyvista-0.44.2+computecanada:
      Successfully uninstalled pyvista-0.44.2+computecanada
Successfully installed certifi-2026.1.4+computecanada charset-normalizer-3.4.4+computecanada contourpy-1.3.1+computecanada cycler-0.12.1+computecanada fonttools-4.56.0+computecanada idna-3.11+computecanada kiwisolver-1.4.8+computecanada matplotlib-3.10.0+computecanada numpy-2.2.2+computecanada packaging-26.0+computecanada pillow-11.1.0+computecanada platformdirs-4.5.1+computecanada pooch-1.9.0+computecanada pyparsing-3.3.2+computecanada python-dateutil-2.9.0.post0+computecanada pyvista-0.44.2+computecanada requests-2.32.5+computecanada scooby-0.11.0+computecanada six-1.17.0+computecanada typing-extensions-4.15.0+computecanada urllib3-2.6.3+computecanada vtk-9.2.5+computecanada
****************Finished pyvista *********************
=== [Fri 20 Feb 2026 01:31:28 PM EST] Preprocessing started on rc31803 ===
=== [Fri 20 Feb 2026 01:31:31 PM EST] Preprocessing finished with exit code 1 ===
