Looking in links: /cvmfs/soft.computecanada.ca/custom/python/wheelhouse/gentoo2023/x86-64-v4, /cvmfs/soft.computecanada.ca/custom/python/wheelhouse/gentoo2023/x86-64-v3, /cvmfs/soft.computecanada.ca/custom/python/wheelhouse/gentoo2023/generic, /cvmfs/soft.computecanada.ca/custom/python/wheelhouse/generic
Processing /cvmfs/soft.computecanada.ca/custom/python/wheelhouse/generic/pyvista-0.44.2+computecanada-py3-none-any.whl
Processing /cvmfs/soft.computecanada.ca/custom/python/wheelhouse/gentoo2023/x86-64-v3/matplotlib-3.10.0+computecanada-cp310-cp310-linux_x86_64.whl (from pyvista)
Processing /cvmfs/soft.computecanada.ca/custom/python/wheelhouse/gentoo2023/generic/numpy-2.2.2+computecanada-cp310-cp310-linux_x86_64.whl (from pyvista)
Processing /cvmfs/soft.computecanada.ca/custom/python/wheelhouse/gentoo2023/x86-64-v3/pillow-11.1.0+computecanada-cp310-cp310-linux_x86_64.whl (from pyvista)
Processing /cvmfs/soft.computecanada.ca/custom/python/wheelhouse/generic/pooch-1.9.0+computecanada-py3-none-any.whl (from pyvista)
Processing /cvmfs/soft.computecanada.ca/custom/python/wheelhouse/generic/scooby-0.11.0+computecanada-py3-none-any.whl (from pyvista)
Processing /cvmfs/soft.computecanada.ca/custom/python/wheelhouse/generic/vtk-9.2.5+computecanada-cp310-cp310-linux_x86_64.whl (from pyvista)
Processing /cvmfs/soft.computecanada.ca/custom/python/wheelhouse/generic/typing_extensions-4.15.0+computecanada-py3-none-any.whl (from pyvista)
Processing /cvmfs/soft.computecanada.ca/custom/python/wheelhouse/gentoo2023/generic/contourpy-1.3.1+computecanada-cp310-cp310-linux_x86_64.whl (from matplotlib>=3.0.1->pyvista)
Processing /cvmfs/soft.computecanada.ca/custom/python/wheelhouse/generic/cycler-0.12.1+computecanada-py3-none-any.whl (from matplotlib>=3.0.1->pyvista)
Processing /cvmfs/soft.computecanada.ca/custom/python/wheelhouse/generic/fonttools-4.56.0+computecanada-cp310-cp310-linux_x86_64.whl (from matplotlib>=3.0.1->pyvista)
Processing /cvmfs/soft.computecanada.ca/custom/python/wheelhouse/gentoo2023/x86-64-v3/kiwisolver-1.4.8+computecanada-cp310-cp310-linux_x86_64.whl (from matplotlib>=3.0.1->pyvista)
Processing /cvmfs/soft.computecanada.ca/custom/python/wheelhouse/generic/packaging-26.0+computecanada-py3-none-any.whl (from matplotlib>=3.0.1->pyvista)
Processing /cvmfs/soft.computecanada.ca/custom/python/wheelhouse/generic/pyparsing-3.3.2+computecanada-py3-none-any.whl (from matplotlib>=3.0.1->pyvista)
Processing /cvmfs/soft.computecanada.ca/custom/python/wheelhouse/generic/python_dateutil-2.9.0.post0+computecanada-py2.py3-none-any.whl (from matplotlib>=3.0.1->pyvista)
Processing /cvmfs/soft.computecanada.ca/custom/python/wheelhouse/generic/platformdirs-4.5.1+computecanada-py3-none-any.whl (from pooch->pyvista)
Processing /cvmfs/soft.computecanada.ca/custom/python/wheelhouse/generic/requests-2.32.5+computecanada-py3-none-any.whl (from pooch->pyvista)
Processing /cvmfs/soft.computecanada.ca/custom/python/wheelhouse/generic/six-1.17.0+computecanada-py2.py3-none-any.whl (from python-dateutil>=2.7->matplotlib>=3.0.1->pyvista)
Processing /cvmfs/soft.computecanada.ca/custom/python/wheelhouse/generic/charset_normalizer-3.4.4+computecanada-py3-none-any.whl (from requests>=2.19.0->pooch->pyvista)
Processing /cvmfs/soft.computecanada.ca/custom/python/wheelhouse/generic/idna-3.11+computecanada-py3-none-any.whl (from requests>=2.19.0->pooch->pyvista)
Processing /cvmfs/soft.computecanada.ca/custom/python/wheelhouse/generic/urllib3-2.6.3+computecanada-py3-none-any.whl (from requests>=2.19.0->pooch->pyvista)
Processing /cvmfs/soft.computecanada.ca/custom/python/wheelhouse/generic/certifi-2026.1.4+computecanada-py3-none-any.whl (from requests>=2.19.0->pooch->pyvista)
Installing collected packages: urllib3, typing-extensions, six, scooby, pyparsing, platformdirs, pillow, packaging, numpy, kiwisolver, idna, fonttools, cycler, charset-normalizer, certifi, requests, python-dateutil, contourpy, pooch, matplotlib, vtk, pyvista
  Attempting uninstall: urllib3
    Found existing installation: urllib3 2.6.3+computecanada
    Uninstalling urllib3-2.6.3+computecanada:
      Successfully uninstalled urllib3-2.6.3+computecanada
  Attempting uninstall: typing-extensions
    Found existing installation: typing_extensions 4.15.0+computecanada
    Uninstalling typing_extensions-4.15.0+computecanada:
      Successfully uninstalled typing_extensions-4.15.0+computecanada
  Attempting uninstall: six
    Found existing installation: six 1.16.0+computecanada
    Not uninstalling six at /cvmfs/soft.computecanada.ca/easybuild/software/2023/x86-64-v4/Compiler/gcccore/ipykernel/2023b/lib/python3.10/site-packages, outside environment /home/htruchla/envs/xaeronet
    Can't uninstall 'six'. No files were found to uninstall.
  Attempting uninstall: pyparsing
    Found existing installation: pyparsing 3.3.2+computecanada
    Uninstalling pyparsing-3.3.2+computecanada:
      Successfully uninstalled pyparsing-3.3.2+computecanada
  Attempting uninstall: platformdirs
    Found existing installation: platformdirs 3.9.1+computecanada
    Not uninstalling platformdirs at /cvmfs/soft.computecanada.ca/easybuild/software/2023/x86-64-v4/Compiler/gcccore/ipykernel/2023b/lib/python3.10/site-packages, outside environment /home/htruchla/envs/xaeronet
    Can't uninstall 'platformdirs'. No files were found to uninstall.
  Attempting uninstall: pillow
    Found existing installation: Pillow 10.0.0+computecanada
    Not uninstalling pillow at /cvmfs/soft.computecanada.ca/easybuild/software/2023/x86-64-v4/Compiler/gcccore/scipy-stack/2023b/lib/python3.10/site-packages, outside environment /home/htruchla/envs/xaeronet
    Can't uninstall 'Pillow'. No files were found to uninstall.
  Attempting uninstall: packaging
    Found existing installation: packaging 23.1+computecanada
    Not uninstalling packaging at /cvmfs/soft.computecanada.ca/easybuild/software/2023/x86-64-v4/Compiler/gcccore/ipykernel/2023b/lib/python3.10/site-packages, outside environment /home/htruchla/envs/xaeronet
    Can't uninstall 'packaging'. No files were found to uninstall.
  Attempting uninstall: numpy
    Found existing installation: numpy 2.2.2+computecanada
    Uninstalling numpy-2.2.2+computecanada:
      Successfully uninstalled numpy-2.2.2+computecanada
  Attempting uninstall: kiwisolver
    Found existing installation: kiwisolver 1.4.5+computecanada
    Not uninstalling kiwisolver at /cvmfs/soft.computecanada.ca/easybuild/software/2023/x86-64-v4/Compiler/gcccore/scipy-stack/2023b/lib/python3.10/site-packages, outside environment /home/htruchla/envs/xaeronet
    Can't uninstall 'kiwisolver'. No files were found to uninstall.
  Attempting uninstall: idna
    Found existing installation: idna 3.11+computecanada
    Uninstalling idna-3.11+computecanada:
      Successfully uninstalled idna-3.11+computecanada
  Attempting uninstall: fonttools
    Found existing installation: fonttools 4.42.1+computecanada
    Not uninstalling fonttools at /cvmfs/soft.computecanada.ca/easybuild/software/2023/x86-64-v4/Compiler/gcccore/scipy-stack/2023b/lib/python3.10/site-packages, outside environment /home/htruchla/envs/xaeronet
    Can't uninstall 'fonttools'. No files were found to uninstall.
  Attempting uninstall: cycler
    Found existing installation: cycler 0.11.0+computecanada
    Not uninstalling cycler at /cvmfs/soft.computecanada.ca/easybuild/software/2023/x86-64-v4/Compiler/gcccore/scipy-stack/2023b/lib/python3.10/site-packages, outside environment /home/htruchla/envs/xaeronet
    Can't uninstall 'cycler'. No files were found to uninstall.
  Attempting uninstall: charset-normalizer
    Found existing installation: charset_normalizer 3.4.4+computecanada
    Uninstalling charset_normalizer-3.4.4+computecanada:
      Successfully uninstalled charset_normalizer-3.4.4+computecanada
  Attempting uninstall: certifi
    Found existing installation: certifi 2026.1.4+computecanada
    Uninstalling certifi-2026.1.4+computecanada:
      Successfully uninstalled certifi-2026.1.4+computecanada
  Attempting uninstall: requests
    Found existing installation: requests 2.32.5+computecanada
    Uninstalling requests-2.32.5+computecanada:
      Successfully uninstalled requests-2.32.5+computecanada
  Attempting uninstall: python-dateutil
    Found existing installation: python-dateutil 2.8.2+computecanada
    Not uninstalling python-dateutil at /cvmfs/soft.computecanada.ca/easybuild/software/2023/x86-64-v4/Compiler/gcccore/ipykernel/2023b/lib/python3.10/site-packages, outside environment /home/htruchla/envs/xaeronet
    Can't uninstall 'python-dateutil'. No files were found to uninstall.
  Attempting uninstall: contourpy
    Found existing installation: contourpy 1.1.0+computecanada
    Not uninstalling contourpy at /cvmfs/soft.computecanada.ca/easybuild/software/2023/x86-64-v4/Compiler/gcccore/scipy-stack/2023b/lib/python3.10/site-packages, outside environment /home/htruchla/envs/xaeronet
    Can't uninstall 'contourpy'. No files were found to uninstall.
  Attempting uninstall: matplotlib
    Found existing installation: matplotlib 3.7.2+computecanada
    Not uninstalling matplotlib at /cvmfs/soft.computecanada.ca/easybuild/software/2023/x86-64-v4/Compiler/gcccore/scipy-stack/2023b/lib/python3.10/site-packages, outside environment /home/htruchla/envs/xaeronet
    Can't uninstall 'matplotlib'. No files were found to uninstall.
  Attempting uninstall: vtk
    Found existing installation: vtk 9.3.0
    Not uninstalling vtk at /cvmfs/soft.computecanada.ca/easybuild/software/2023/x86-64-v4/Compiler/gcc12/vtk/9.3.0/lib/python3.10/site-packages, outside environment /home/htruchla/envs/xaeronet
    Can't uninstall 'vtk'. No files were found to uninstall.
Successfully installed certifi-2026.1.4+computecanada charset-normalizer-3.4.4+computecanada contourpy-1.3.1+computecanada cycler-0.12.1+computecanada fonttools-4.56.0+computecanada idna-3.11+computecanada kiwisolver-1.4.8+computecanada matplotlib-3.10.0+computecanada numpy-2.2.2+computecanada packaging-26.0+computecanada pillow-11.1.0+computecanada platformdirs-4.5.1+computecanada pooch-1.9.0+computecanada pyparsing-3.3.2+computecanada python-dateutil-2.9.0.post0+computecanada pyvista-0.44.2+computecanada requests-2.32.5+computecanada scooby-0.11.0+computecanada six-1.17.0+computecanada typing-extensions-4.15.0+computecanada urllib3-2.6.3+computecanada vtk-9.2.5+computecanada
=== [Fri 20 Feb 2026 01:23:36 AM EST] Preprocessing started on rc31908 ===
=== [Fri 20 Feb 2026 01:23:40 AM EST] Preprocessing finished with exit code 1 ===
